{"/home/node/.openclaw/workspace/verdict/src/cli/commands/history.ts": {"path":"/home/node/.openclaw/workspace/verdict/src/cli/commands/history.ts","statementMap":{"0":{"start":{"line":19,"column":20},"end":{"line":19,"column":null}},"1":{"start":{"line":23,"column":2},"end":{"line":23,"column":null}},"2":{"start":{"line":23,"column":27},"end":{"line":23,"column":null}},"3":{"start":{"line":24,"column":14},"end":{"line":24,"column":33}},"4":{"start":{"line":25,"column":14},"end":{"line":25,"column":33}},"5":{"start":{"line":26,"column":16},"end":{"line":26,"column":null}},"6":{"start":{"line":27,"column":2},"end":{"line":30,"column":null}},"7":{"start":{"line":28,"column":16},"end":{"line":28,"column":74}},"8":{"start":{"line":29,"column":4},"end":{"line":29,"column":null}},"9":{"start":{"line":35,"column":2},"end":{"line":35,"column":null}},"10":{"start":{"line":40,"column":2},"end":{"line":40,"column":null}},"11":{"start":{"line":45,"column":2},"end":{"line":45,"column":null}},"12":{"start":{"line":45,"column":39},"end":{"line":45,"column":null}},"13":{"start":{"line":46,"column":2},"end":{"line":46,"column":null}},"14":{"start":{"line":51,"column":2},"end":{"line":51,"column":null}},"15":{"start":{"line":51,"column":57},"end":{"line":51,"column":null}},"16":{"start":{"line":52,"column":2},"end":{"line":52,"column":null}},"17":{"start":{"line":57,"column":2},"end":{"line":62,"column":null}},"18":{"start":{"line":58,"column":4},"end":{"line":58,"column":null}},"19":{"start":{"line":59,"column":4},"end":{"line":59,"column":null}},"20":{"start":{"line":61,"column":4},"end":{"line":61,"column":null}},"21":{"start":{"line":62,"column":4},"end":{"line":62,"column":null}},"22":{"start":{"line":65,"column":35},"end":{"line":71,"column":null}},"23":{"start":{"line":74,"column":2},"end":{"line":80,"column":null}},"24":{"start":{"line":75,"column":4},"end":{"line":75,"column":null}},"25":{"start":{"line":77,"column":4},"end":{"line":77,"column":null}},"26":{"start":{"line":78,"column":4},"end":{"line":78,"column":null}},"27":{"start":{"line":80,"column":4},"end":{"line":80,"column":null}},"28":{"start":{"line":83,"column":2},"end":{"line":87,"column":null}},"29":{"start":{"line":84,"column":4},"end":{"line":84,"column":null}},"30":{"start":{"line":85,"column":4},"end":{"line":85,"column":null}},"31":{"start":{"line":86,"column":4},"end":{"line":86,"column":null}},"32":{"start":{"line":87,"column":4},"end":{"line":87,"column":null}},"33":{"start":{"line":90,"column":2},"end":{"line":90,"column":null}},"34":{"start":{"line":91,"column":2},"end":{"line":91,"column":null}},"35":{"start":{"line":92,"column":2},"end":{"line":92,"column":null}},"36":{"start":{"line":95,"column":17},"end":{"line":95,"column":null}},"37":{"start":{"line":96,"column":2},"end":{"line":96,"column":null}},"38":{"start":{"line":97,"column":2},"end":{"line":97,"column":null}},"39":{"start":{"line":100,"column":2},"end":{"line":131,"column":null}},"40":{"start":{"line":101,"column":50},"end":{"line":101,"column":52}},"41":{"start":{"line":102,"column":4},"end":{"line":104,"column":null}},"42":{"start":{"line":103,"column":6},"end":{"line":103,"column":null}},"43":{"start":{"line":103,"column":38},"end":{"line":103,"column":null}},"44":{"start":{"line":104,"column":6},"end":{"line":104,"column":null}},"45":{"start":{"line":107,"column":4},"end":{"line":118,"column":null}},"46":{"start":{"line":108,"column":29},"end":{"line":108,"column":null}},"47":{"start":{"line":109,"column":23},"end":{"line":109,"column":null}},"48":{"start":{"line":110,"column":23},"end":{"line":110,"column":null}},"49":{"start":{"line":111,"column":25},"end":{"line":111,"column":58}},"50":{"start":{"line":112,"column":22},"end":{"line":112,"column":52}},"51":{"start":{"line":113,"column":22},"end":{"line":113,"column":44}},"52":{"start":{"line":114,"column":20},"end":{"line":114,"column":56}},"53":{"start":{"line":116,"column":6},"end":{"line":118,"column":null}},"54":{"start":{"line":121,"column":4},"end":{"line":131,"column":null}},"55":{"start":{"line":122,"column":29},"end":{"line":122,"column":null}},"56":{"start":{"line":123,"column":23},"end":{"line":123,"column":null}},"57":{"start":{"line":124,"column":23},"end":{"line":124,"column":null}},"58":{"start":{"line":125,"column":25},"end":{"line":125,"column":58}},"59":{"start":{"line":126,"column":22},"end":{"line":126,"column":52}},"60":{"start":{"line":127,"column":22},"end":{"line":127,"column":44}},"61":{"start":{"line":129,"column":6},"end":{"line":131,"column":null}},"62":{"start":{"line":135,"column":2},"end":{"line":135,"column":null}},"63":{"start":{"line":136,"column":2},"end":{"line":136,"column":null}},"64":{"start":{"line":137,"column":2},"end":{"line":137,"column":null}}},"fnMap":{"0":{"name":"sparkline","decl":{"start":{"line":22,"column":16},"end":{"line":22,"column":26}},"loc":{"start":{"line":22,"column":52},"end":{"line":30,"column":null}},"line":22},"1":{"name":"(anonymous_1)","decl":{"start":{"line":27,"column":16},"end":{"line":27,"column":20}},"loc":{"start":{"line":27,"column":25},"end":{"line":30,"column":5}},"line":27},"2":{"name":"col","decl":{"start":{"line":34,"column":9},"end":{"line":34,"column":13}},"loc":{"start":{"line":34,"column":43},"end":{"line":35,"column":null}},"line":34},"3":{"name":"formatDate","decl":{"start":{"line":39,"column":9},"end":{"line":39,"column":20}},"loc":{"start":{"line":39,"column":45},"end":{"line":40,"column":null}},"line":39},"4":{"name":"formatLatency","decl":{"start":{"line":44,"column":9},"end":{"line":44,"column":23}},"loc":{"start":{"line":44,"column":50},"end":{"line":46,"column":null}},"line":44},"5":{"name":"formatCost","decl":{"start":{"line":50,"column":9},"end":{"line":50,"column":20}},"loc":{"start":{"line":50,"column":49},"end":{"line":52,"column":null}},"line":50},"6":{"name":"historyCommand","decl":{"start":{"line":55,"column":22},"end":{"line":55,"column":37}},"loc":{"start":{"line":55,"column":78},"end":{"line":137,"column":null}},"line":55}},"branchMap":{"0":{"loc":{"start":{"line":23,"column":2},"end":{"line":23,"column":null}},"type":"if","locations":[{"start":{"line":23,"column":2},"end":{"line":23,"column":null}},{"start":{},"end":{}}],"line":23},"1":{"loc":{"start":{"line":26,"column":16},"end":{"line":26,"column":null}},"type":"binary-expr","locations":[{"start":{"line":26,"column":16},"end":{"line":26,"column":29}},{"start":{"line":26,"column":29},"end":{"line":26,"column":null}}],"line":26},"2":{"loc":{"start":{"line":45,"column":2},"end":{"line":45,"column":null}},"type":"if","locations":[{"start":{"line":45,"column":2},"end":{"line":45,"column":null}},{"start":{},"end":{}}],"line":45},"3":{"loc":{"start":{"line":45,"column":6},"end":{"line":45,"column":39}},"type":"binary-expr","locations":[{"start":{"line":45,"column":6},"end":{"line":45,"column":21}},{"start":{"line":45,"column":21},"end":{"line":45,"column":39}}],"line":45},"4":{"loc":{"start":{"line":51,"column":2},"end":{"line":51,"column":null}},"type":"if","locations":[{"start":{"line":51,"column":2},"end":{"line":51,"column":null}},{"start":{},"end":{}}],"line":51},"5":{"loc":{"start":{"line":51,"column":6},"end":{"line":51,"column":57}},"type":"binary-expr","locations":[{"start":{"line":51,"column":6},"end":{"line":51,"column":23}},{"start":{"line":51,"column":23},"end":{"line":51,"column":45}},{"start":{"line":51,"column":45},"end":{"line":51,"column":57}}],"line":51},"6":{"loc":{"start":{"line":61,"column":58},"end":{"line":61,"column":101}},"type":"cond-expr","locations":[{"start":{"line":61,"column":81},"end":{"line":61,"column":95}},{"start":{"line":61,"column":95},"end":{"line":61,"column":101}}],"line":61},"7":{"loc":{"start":{"line":69,"column":11},"end":{"line":69,"column":null}},"type":"cond-expr","locations":[{"start":{"line":69,"column":24},"end":{"line":69,"column":48}},{"start":{"line":69,"column":51},"end":{"line":69,"column":null}}],"line":69},"8":{"loc":{"start":{"line":70,"column":13},"end":{"line":70,"column":null}},"type":"cond-expr","locations":[{"start":{"line":70,"column":37},"end":{"line":70,"column":47}},{"start":{"line":70,"column":47},"end":{"line":70,"column":null}}],"line":70},"9":{"loc":{"start":{"line":77,"column":47},"end":{"line":77,"column":90}},"type":"cond-expr","locations":[{"start":{"line":77,"column":70},"end":{"line":77,"column":84}},{"start":{"line":77,"column":84},"end":{"line":77,"column":90}}],"line":77},"10":{"loc":{"start":{"line":83,"column":2},"end":{"line":87,"column":null}},"type":"if","locations":[{"start":{"line":83,"column":2},"end":{"line":87,"column":null}},{"start":{},"end":{}}],"line":83},"11":{"loc":{"start":{"line":100,"column":2},"end":{"line":131,"column":null}},"type":"if","locations":[{"start":{"line":100,"column":2},"end":{"line":131,"column":null}},{"start":{"line":120,"column":9},"end":{"line":131,"column":null}}],"line":100},"12":{"loc":{"start":{"line":103,"column":6},"end":{"line":103,"column":null}},"type":"if","locations":[{"start":{"line":103,"column":6},"end":{"line":103,"column":null}},{"start":{},"end":{}}],"line":103},"13":{"loc":{"start":{"line":108,"column":29},"end":{"line":108,"column":null}},"type":"cond-expr","locations":[{"start":{"line":108,"column":44},"end":{"line":108,"column":67}},{"start":{"line":108,"column":67},"end":{"line":108,"column":null}}],"line":108},"14":{"loc":{"start":{"line":122,"column":29},"end":{"line":122,"column":null}},"type":"cond-expr","locations":[{"start":{"line":122,"column":44},"end":{"line":122,"column":67}},{"start":{"line":122,"column":67},"end":{"line":122,"column":null}}],"line":122}},"s":{"0":1,"1":7,"2":1,"3":6,"4":6,"5":6,"6":7,"7":26,"8":26,"9":0,"10":0,"11":0,"12":0,"13":0,"14":0,"15":0,"16":0,"17":0,"18":0,"19":0,"20":0,"21":0,"22":0,"23":0,"24":0,"25":0,"26":0,"27":0,"28":0,"29":0,"30":0,"31":0,"32":0,"33":0,"34":0,"35":0,"36":0,"37":0,"38":0,"39":0,"40":0,"41":0,"42":0,"43":0,"44":0,"45":0,"46":0,"47":0,"48":0,"49":0,"50":0,"51":0,"52":0,"53":0,"54":0,"55":0,"56":0,"57":0,"58":0,"59":0,"60":0,"61":0,"62":0,"63":0,"64":0},"f":{"0":7,"1":26,"2":0,"3":0,"4":0,"5":0,"6":0},"b":{"0":[1,6],"1":[6,2],"2":[0,0],"3":[0,0],"4":[0,0],"5":[0,0,0],"6":[0,0],"7":[0,0],"8":[0,0],"9":[0,0],"10":[0,0],"11":[0,0],"12":[0,0],"13":[0,0],"14":[0,0]},"meta":{"lastBranch":15,"lastFunction":7,"lastStatement":65,"seen":{"s:19:20:19:Infinity":0,"f:22:16:22:26":0,"b:23:2:23:Infinity:undefined:undefined:undefined:undefined":0,"s:23:2:23:Infinity":1,"s:23:27:23:Infinity":2,"s:24:14:24:33":3,"s:25:14:25:33":4,"s:26:16:26:Infinity":5,"b:26:16:26:29:26:29:26:Infinity":1,"s:27:2:30:Infinity":6,"f:27:16:27:20":1,"s:28:16:28:74":7,"s:29:4:29:Infinity":8,"f:34:9:34:13":2,"s:35:2:35:Infinity":9,"f:39:9:39:20":3,"s:40:2:40:Infinity":10,"f:44:9:44:23":4,"b:45:2:45:Infinity:undefined:undefined:undefined:undefined":2,"s:45:2:45:Infinity":11,"b:45:6:45:21:45:21:45:39":3,"s:45:39:45:Infinity":12,"s:46:2:46:Infinity":13,"f:50:9:50:20":5,"b:51:2:51:Infinity:undefined:undefined:undefined:undefined":4,"s:51:2:51:Infinity":14,"b:51:6:51:23:51:23:51:45:51:45:51:57":5,"s:51:57:51:Infinity":15,"s:52:2:52:Infinity":16,"f:55:22:55:37":6,"s:57:2:62:Infinity":17,"s:58:4:58:Infinity":18,"s:59:4:59:Infinity":19,"s:61:4:61:Infinity":20,"b:61:81:61:95:61:95:61:101":6,"s:62:4:62:Infinity":21,"s:65:35:71:Infinity":22,"b:69:24:69:48:69:51:69:Infinity":7,"b:70:37:70:47:70:47:70:Infinity":8,"s:74:2:80:Infinity":23,"s:75:4:75:Infinity":24,"s:77:4:77:Infinity":25,"b:77:70:77:84:77:84:77:90":9,"s:78:4:78:Infinity":26,"s:80:4:80:Infinity":27,"b:83:2:87:Infinity:undefined:undefined:undefined:undefined":10,"s:83:2:87:Infinity":28,"s:84:4:84:Infinity":29,"s:85:4:85:Infinity":30,"s:86:4:86:Infinity":31,"s:87:4:87:Infinity":32,"s:90:2:90:Infinity":33,"s:91:2:91:Infinity":34,"s:92:2:92:Infinity":35,"s:95:17:95:Infinity":36,"s:96:2:96:Infinity":37,"s:97:2:97:Infinity":38,"b:100:2:131:Infinity:120:9:131:Infinity":11,"s:100:2:131:Infinity":39,"s:101:50:101:52":40,"s:102:4:104:Infinity":41,"b:103:6:103:Infinity:undefined:undefined:undefined:undefined":12,"s:103:6:103:Infinity":42,"s:103:38:103:Infinity":43,"s:104:6:104:Infinity":44,"s:107:4:118:Infinity":45,"s:108:29:108:Infinity":46,"b:108:44:108:67:108:67:108:Infinity":13,"s:109:23:109:Infinity":47,"s:110:23:110:Infinity":48,"s:111:25:111:58":49,"s:112:22:112:52":50,"s:113:22:113:44":51,"s:114:20:114:56":52,"s:116:6:118:Infinity":53,"s:121:4:131:Infinity":54,"s:122:29:122:Infinity":55,"b:122:44:122:67:122:67:122:Infinity":14,"s:123:23:123:Infinity":56,"s:124:23:124:Infinity":57,"s:125:25:125:58":58,"s:126:22:126:52":59,"s:127:22:127:44":60,"s:129:6:131:Infinity":61,"s:135:2:135:Infinity":62,"s:136:2:136:Infinity":63,"s:137:2:137:Infinity":64}}}
,"/home/node/.openclaw/workspace/verdict/src/db/client.ts": {"path":"/home/node/.openclaw/workspace/verdict/src/db/client.ts","statementMap":{"0":{"start":{"line":44,"column":23},"end":{"line":44,"column":82}},"1":{"start":{"line":45,"column":14},"end":{"line":45,"column":40}},"2":{"start":{"line":46,"column":2},"end":{"line":47,"column":null}},"3":{"start":{"line":47,"column":4},"end":{"line":47,"column":null}},"4":{"start":{"line":49,"column":13},"end":{"line":49,"column":39}},"5":{"start":{"line":50,"column":2},"end":{"line":50,"column":null}},"6":{"start":{"line":51,"column":2},"end":{"line":51,"column":null}},"7":{"start":{"line":52,"column":2},"end":{"line":52,"column":null}},"8":{"start":{"line":57,"column":2},"end":{"line":58,"column":null}},"9":{"start":{"line":58,"column":4},"end":{"line":58,"column":null}},"10":{"start":{"line":67,"column":27},"end":{"line":70,"column":null}},"11":{"start":{"line":72,"column":31},"end":{"line":75,"column":null}},"12":{"start":{"line":77,"column":22},"end":{"line":86,"column":null}},"13":{"start":{"line":88,"column":16},"end":{"line":88,"column":null}},"14":{"start":{"line":90,"column":18},"end":{"line":156,"column":null}},"15":{"start":{"line":91,"column":4},"end":{"line":154,"column":null}},"16":{"start":{"line":92,"column":22},"end":{"line":92,"column":null}},"17":{"start":{"line":93,"column":6},"end":{"line":93,"column":null}},"18":{"start":{"line":93,"column":20},"end":{"line":93,"column":null}},"19":{"start":{"line":96,"column":23},"end":{"line":96,"column":46}},"20":{"start":{"line":99,"column":24},"end":{"line":99,"column":null}},"21":{"start":{"line":100,"column":26},"end":{"line":100,"column":null}},"22":{"start":{"line":101,"column":6},"end":{"line":105,"column":null}},"23":{"start":{"line":102,"column":21},"end":{"line":102,"column":null}},"24":{"start":{"line":103,"column":8},"end":{"line":105,"column":null}},"25":{"start":{"line":104,"column":10},"end":{"line":104,"column":null}},"26":{"start":{"line":105,"column":10},"end":{"line":105,"column":null}},"27":{"start":{"line":108,"column":27},"end":{"line":108,"column":null}},"28":{"start":{"line":110,"column":23},"end":{"line":124,"column":8}},"29":{"start":{"line":126,"column":27},"end":{"line":126,"column":null}},"30":{"start":{"line":129,"column":6},"end":{"line":144,"column":null}},"31":{"start":{"line":130,"column":21},"end":{"line":130,"column":null}},"32":{"start":{"line":131,"column":22},"end":{"line":131,"column":null}},"33":{"start":{"line":132,"column":8},"end":{"line":132,"column":null}},"34":{"start":{"line":132,"column":29},"end":{"line":132,"column":null}},"35":{"start":{"line":134,"column":8},"end":{"line":144,"column":null}},"36":{"start":{"line":148,"column":6},"end":{"line":154,"column":null}},"37":{"start":{"line":158,"column":2},"end":{"line":158,"column":null}},"38":{"start":{"line":166,"column":31},"end":{"line":166,"column":33}},"39":{"start":{"line":167,"column":50},"end":{"line":167,"column":52}},"40":{"start":{"line":169,"column":2},"end":{"line":171,"column":null}},"41":{"start":{"line":170,"column":4},"end":{"line":170,"column":null}},"42":{"start":{"line":171,"column":4},"end":{"line":171,"column":null}},"43":{"start":{"line":174,"column":2},"end":{"line":176,"column":null}},"44":{"start":{"line":175,"column":4},"end":{"line":175,"column":null}},"45":{"start":{"line":176,"column":4},"end":{"line":176,"column":null}},"46":{"start":{"line":179,"column":2},"end":{"line":183,"column":null}},"47":{"start":{"line":180,"column":22},"end":{"line":180,"column":44}},"48":{"start":{"line":181,"column":4},"end":{"line":183,"column":null}},"49":{"start":{"line":182,"column":6},"end":{"line":182,"column":null}},"50":{"start":{"line":183,"column":6},"end":{"line":183,"column":null}},"51":{"start":{"line":187,"column":16},"end":{"line":187,"column":null}},"52":{"start":{"line":188,"column":18},"end":{"line":188,"column":null}},"53":{"start":{"line":189,"column":16},"end":{"line":189,"column":null}},"54":{"start":{"line":191,"column":14},"end":{"line":191,"column":null}},"55":{"start":{"line":192,"column":2},"end":{"line":192,"column":null}},"56":{"start":{"line":194,"column":2},"end":{"line":194,"column":null}},"57":{"start":{"line":199,"column":16},"end":{"line":199,"column":37}},"58":{"start":{"line":200,"column":2},"end":{"line":200,"column":null}},"59":{"start":{"line":200,"column":55},"end":{"line":200,"column":null}},"60":{"start":{"line":201,"column":2},"end":{"line":201,"column":null}},"61":{"start":{"line":201,"column":29},"end":{"line":201,"column":null}},"62":{"start":{"line":202,"column":2},"end":{"line":202,"column":null}},"63":{"start":{"line":202,"column":36},"end":{"line":202,"column":null}},"64":{"start":{"line":203,"column":2},"end":{"line":203,"column":null}},"65":{"start":{"line":203,"column":77},"end":{"line":203,"column":null}},"66":{"start":{"line":204,"column":2},"end":{"line":204,"column":null}},"67":{"start":{"line":204,"column":32},"end":{"line":204,"column":null}},"68":{"start":{"line":205,"column":2},"end":{"line":205,"column":null}},"69":{"start":{"line":205,"column":30},"end":{"line":205,"column":null}},"70":{"start":{"line":206,"column":2},"end":{"line":206,"column":null}},"71":{"start":{"line":206,"column":31},"end":{"line":206,"column":null}},"72":{"start":{"line":207,"column":2},"end":{"line":207,"column":null}},"73":{"start":{"line":215,"column":16},"end":{"line":215,"column":45}},"74":{"start":{"line":216,"column":2},"end":{"line":216,"column":null}},"75":{"start":{"line":216,"column":14},"end":{"line":216,"column":null}},"76":{"start":{"line":218,"column":17},"end":{"line":218,"column":39}},"77":{"start":{"line":219,"column":15},"end":{"line":219,"column":null}},"78":{"start":{"line":220,"column":14},"end":{"line":220,"column":24}},"79":{"start":{"line":222,"column":2},"end":{"line":231,"column":null}},"80":{"start":{"line":224,"column":6},"end":{"line":224,"column":null}},"81":{"start":{"line":225,"column":6},"end":{"line":225,"column":null}},"82":{"start":{"line":227,"column":6},"end":{"line":227,"column":null}},"83":{"start":{"line":228,"column":6},"end":{"line":228,"column":null}},"84":{"start":{"line":230,"column":6},"end":{"line":230,"column":null}},"85":{"start":{"line":231,"column":6},"end":{"line":231,"column":null}},"86":{"start":{"line":234,"column":2},"end":{"line":234,"column":null}}},"fnMap":{"0":{"name":"getDb","decl":{"start":{"line":43,"column":16},"end":{"line":43,"column":22}},"loc":{"start":{"line":43,"column":58},"end":{"line":52,"column":null}},"line":43},"1":{"name":"initSchema","decl":{"start":{"line":56,"column":16},"end":{"line":56,"column":27}},"loc":{"start":{"line":56,"column":56},"end":{"line":58,"column":null}},"line":56},"2":{"name":"saveRunResult","decl":{"start":{"line":66,"column":16},"end":{"line":66,"column":30}},"loc":{"start":{"line":66,"column":92},"end":{"line":158,"column":null}},"line":66},"3":{"name":"(anonymous_3)","decl":{"start":{"line":90,"column":21},"end":{"line":90,"column":39}},"loc":{"start":{"line":90,"column":39},"end":{"line":156,"column":null}},"line":90},"4":{"name":"queryHistory","decl":{"start":{"line":165,"column":16},"end":{"line":165,"column":29}},"loc":{"start":{"line":165,"column":89},"end":{"line":194,"column":null}},"line":165},"5":{"name":"detectProvider","decl":{"start":{"line":198,"column":9},"end":{"line":198,"column":24}},"loc":{"start":{"line":198,"column":56},"end":{"line":207,"column":null}},"line":198},"6":{"name":"parseSince","decl":{"start":{"line":214,"column":16},"end":{"line":214,"column":27}},"loc":{"start":{"line":214,"column":55},"end":{"line":234,"column":null}},"line":214}},"branchMap":{"0":{"loc":{"start":{"line":44,"column":23},"end":{"line":44,"column":82}},"type":"binary-expr","locations":[{"start":{"line":44,"column":23},"end":{"line":44,"column":33}},{"start":{"line":44,"column":33},"end":{"line":44,"column":82}}],"line":44},"1":{"loc":{"start":{"line":46,"column":2},"end":{"line":47,"column":null}},"type":"if","locations":[{"start":{"line":46,"column":2},"end":{"line":47,"column":null}},{"start":{},"end":{}}],"line":46},"2":{"loc":{"start":{"line":93,"column":6},"end":{"line":93,"column":null}},"type":"if","locations":[{"start":{"line":93,"column":6},"end":{"line":93,"column":null}},{"start":{},"end":{}}],"line":93},"3":{"loc":{"start":{"line":103,"column":8},"end":{"line":105,"column":null}},"type":"if","locations":[{"start":{"line":103,"column":8},"end":{"line":105,"column":null}},{"start":{},"end":{}}],"line":103},"4":{"loc":{"start":{"line":103,"column":12},"end":{"line":103,"column":33}},"type":"binary-expr","locations":[{"start":{"line":103,"column":12},"end":{"line":103,"column":20}},{"start":{"line":103,"column":20},"end":{"line":103,"column":33}}],"line":103},"5":{"loc":{"start":{"line":108,"column":27},"end":{"line":108,"column":null}},"type":"cond-expr","locations":[{"start":{"line":108,"column":47},"end":{"line":108,"column":77}},{"start":{"line":108,"column":77},"end":{"line":108,"column":null}}],"line":108},"6":{"loc":{"start":{"line":132,"column":8},"end":{"line":132,"column":null}},"type":"if","locations":[{"start":{"line":132,"column":8},"end":{"line":132,"column":null}},{"start":{},"end":{}}],"line":132},"7":{"loc":{"start":{"line":132,"column":12},"end":{"line":132,"column":29}},"type":"binary-expr","locations":[{"start":{"line":132,"column":12},"end":{"line":132,"column":21}},{"start":{"line":132,"column":21},"end":{"line":132,"column":29}}],"line":132},"8":{"loc":{"start":{"line":169,"column":2},"end":{"line":171,"column":null}},"type":"if","locations":[{"start":{"line":169,"column":2},"end":{"line":171,"column":null}},{"start":{},"end":{}}],"line":169},"9":{"loc":{"start":{"line":174,"column":2},"end":{"line":176,"column":null}},"type":"if","locations":[{"start":{"line":174,"column":2},"end":{"line":176,"column":null}},{"start":{},"end":{}}],"line":174},"10":{"loc":{"start":{"line":179,"column":2},"end":{"line":183,"column":null}},"type":"if","locations":[{"start":{"line":179,"column":2},"end":{"line":183,"column":null}},{"start":{},"end":{}}],"line":179},"11":{"loc":{"start":{"line":181,"column":4},"end":{"line":183,"column":null}},"type":"if","locations":[{"start":{"line":181,"column":4},"end":{"line":183,"column":null}},{"start":{},"end":{}}],"line":181},"12":{"loc":{"start":{"line":187,"column":16},"end":{"line":187,"column":null}},"type":"cond-expr","locations":[{"start":{"line":187,"column":40},"end":{"line":187,"column":78}},{"start":{"line":187,"column":78},"end":{"line":187,"column":null}}],"line":187},"13":{"loc":{"start":{"line":188,"column":18},"end":{"line":188,"column":null}},"type":"cond-expr","locations":[{"start":{"line":188,"column":45},"end":{"line":188,"column":60}},{"start":{"line":188,"column":60},"end":{"line":188,"column":null}}],"line":188},"14":{"loc":{"start":{"line":189,"column":16},"end":{"line":189,"column":null}},"type":"binary-expr","locations":[{"start":{"line":189,"column":16},"end":{"line":189,"column":30}},{"start":{"line":189,"column":30},"end":{"line":189,"column":null}}],"line":189},"15":{"loc":{"start":{"line":200,"column":2},"end":{"line":200,"column":null}},"type":"if","locations":[{"start":{"line":200,"column":2},"end":{"line":200,"column":null}},{"start":{},"end":{}}],"line":200},"16":{"loc":{"start":{"line":200,"column":6},"end":{"line":200,"column":53}},"type":"binary-expr","locations":[{"start":{"line":200,"column":6},"end":{"line":200,"column":30}},{"start":{"line":200,"column":34},"end":{"line":200,"column":53}}],"line":200},"17":{"loc":{"start":{"line":201,"column":2},"end":{"line":201,"column":null}},"type":"if","locations":[{"start":{"line":201,"column":2},"end":{"line":201,"column":null}},{"start":{},"end":{}}],"line":201},"18":{"loc":{"start":{"line":202,"column":2},"end":{"line":202,"column":null}},"type":"if","locations":[{"start":{"line":202,"column":2},"end":{"line":202,"column":null}},{"start":{},"end":{}}],"line":202},"19":{"loc":{"start":{"line":203,"column":2},"end":{"line":203,"column":null}},"type":"if","locations":[{"start":{"line":203,"column":2},"end":{"line":203,"column":null}},{"start":{},"end":{}}],"line":203},"20":{"loc":{"start":{"line":203,"column":6},"end":{"line":203,"column":75}},"type":"binary-expr","locations":[{"start":{"line":203,"column":6},"end":{"line":203,"column":27}},{"start":{"line":203,"column":31},"end":{"line":203,"column":51}},{"start":{"line":203,"column":55},"end":{"line":203,"column":75}}],"line":203},"21":{"loc":{"start":{"line":204,"column":2},"end":{"line":204,"column":null}},"type":"if","locations":[{"start":{"line":204,"column":2},"end":{"line":204,"column":null}},{"start":{},"end":{}}],"line":204},"22":{"loc":{"start":{"line":205,"column":2},"end":{"line":205,"column":null}},"type":"if","locations":[{"start":{"line":205,"column":2},"end":{"line":205,"column":null}},{"start":{},"end":{}}],"line":205},"23":{"loc":{"start":{"line":206,"column":2},"end":{"line":206,"column":null}},"type":"if","locations":[{"start":{"line":206,"column":2},"end":{"line":206,"column":null}},{"start":{},"end":{}}],"line":206},"24":{"loc":{"start":{"line":216,"column":2},"end":{"line":216,"column":null}},"type":"if","locations":[{"start":{"line":216,"column":2},"end":{"line":216,"column":null}},{"start":{},"end":{}}],"line":216},"25":{"loc":{"start":{"line":222,"column":2},"end":{"line":231,"column":null}},"type":"switch","locations":[{"start":{"line":223,"column":4},"end":{"line":225,"column":null}},{"start":{"line":226,"column":4},"end":{"line":228,"column":null}},{"start":{"line":229,"column":4},"end":{"line":231,"column":null}}],"line":222}},"s":{"0":0,"1":0,"2":0,"3":0,"4":0,"5":0,"6":0,"7":0,"8":39,"9":117,"10":23,"11":23,"12":23,"13":23,"14":23,"15":23,"16":46,"17":46,"18":0,"19":46,"20":46,"21":46,"22":46,"23":46,"24":46,"25":46,"26":46,"27":46,"28":46,"29":46,"30":46,"31":46,"32":46,"33":46,"34":0,"35":46,"36":46,"37":23,"38":7,"39":7,"40":7,"41":1,"42":1,"43":7,"44":1,"45":1,"46":7,"47":1,"48":1,"49":1,"50":1,"51":7,"52":7,"53":7,"54":7,"55":7,"56":7,"57":46,"58":46,"59":46,"60":0,"61":0,"62":0,"63":0,"64":0,"65":0,"66":0,"67":0,"68":0,"69":0,"70":0,"71":0,"72":0,"73":16,"74":16,"75":7,"76":9,"77":9,"78":9,"79":9,"80":2,"81":2,"82":5,"83":5,"84":2,"85":2,"86":9},"f":{"0":0,"1":39,"2":23,"3":23,"4":7,"5":46,"6":16},"b":{"0":[0,0],"1":[0,0],"2":[0,46],"3":[46,0],"4":[46,46],"5":[46,0],"6":[0,46],"7":[46,46],"8":[1,6],"9":[1,6],"10":[1,6],"11":[1,0],"12":[3,4],"13":[1,6],"14":[7,6],"15":[46,0],"16":[46,46],"17":[0,0],"18":[0,0],"19":[0,0],"20":[0,0,0],"21":[0,0],"22":[0,0],"23":[0,0],"24":[7,9],"25":[2,5,2]},"meta":{"lastBranch":26,"lastFunction":7,"lastStatement":87,"seen":{"f:43:16:43:22":0,"s:44:23:44:82":0,"b:44:23:44:33:44:33:44:82":0,"s:45:14:45:40":1,"b:46:2:47:Infinity:undefined:undefined:undefined:undefined":1,"s:46:2:47:Infinity":2,"s:47:4:47:Infinity":3,"s:49:13:49:39":4,"s:50:2:50:Infinity":5,"s:51:2:51:Infinity":6,"s:52:2:52:Infinity":7,"f:56:16:56:27":1,"s:57:2:58:Infinity":8,"s:58:4:58:Infinity":9,"f:66:16:66:30":2,"s:67:27:70:Infinity":10,"s:72:31:75:Infinity":11,"s:77:22:86:Infinity":12,"s:88:16:88:Infinity":13,"s:90:18:156:Infinity":14,"f:90:21:90:39":3,"s:91:4:154:Infinity":15,"s:92:22:92:Infinity":16,"b:93:6:93:Infinity:undefined:undefined:undefined:undefined":2,"s:93:6:93:Infinity":17,"s:93:20:93:Infinity":18,"s:96:23:96:46":19,"s:99:24:99:Infinity":20,"s:100:26:100:Infinity":21,"s:101:6:105:Infinity":22,"s:102:21:102:Infinity":23,"b:103:8:105:Infinity:undefined:undefined:undefined:undefined":3,"s:103:8:105:Infinity":24,"b:103:12:103:20:103:20:103:33":4,"s:104:10:104:Infinity":25,"s:105:10:105:Infinity":26,"s:108:27:108:Infinity":27,"b:108:47:108:77:108:77:108:Infinity":5,"s:110:23:124:8":28,"s:126:27:126:Infinity":29,"s:129:6:144:Infinity":30,"s:130:21:130:Infinity":31,"s:131:22:131:Infinity":32,"b:132:8:132:Infinity:undefined:undefined:undefined:undefined":6,"s:132:8:132:Infinity":33,"b:132:12:132:21:132:21:132:29":7,"s:132:29:132:Infinity":34,"s:134:8:144:Infinity":35,"s:148:6:154:Infinity":36,"s:158:2:158:Infinity":37,"f:165:16:165:29":4,"s:166:31:166:33":38,"s:167:50:167:52":39,"b:169:2:171:Infinity:undefined:undefined:undefined:undefined":8,"s:169:2:171:Infinity":40,"s:170:4:170:Infinity":41,"s:171:4:171:Infinity":42,"b:174:2:176:Infinity:undefined:undefined:undefined:undefined":9,"s:174:2:176:Infinity":43,"s:175:4:175:Infinity":44,"s:176:4:176:Infinity":45,"b:179:2:183:Infinity:undefined:undefined:undefined:undefined":10,"s:179:2:183:Infinity":46,"s:180:22:180:44":47,"b:181:4:183:Infinity:undefined:undefined:undefined:undefined":11,"s:181:4:183:Infinity":48,"s:182:6:182:Infinity":49,"s:183:6:183:Infinity":50,"s:187:16:187:Infinity":51,"b:187:40:187:78:187:78:187:Infinity":12,"s:188:18:188:Infinity":52,"b:188:45:188:60:188:60:188:Infinity":13,"s:189:16:189:Infinity":53,"b:189:16:189:30:189:30:189:Infinity":14,"s:191:14:191:Infinity":54,"s:192:2:192:Infinity":55,"s:194:2:194:Infinity":56,"f:198:9:198:24":5,"s:199:16:199:37":57,"b:200:2:200:Infinity:undefined:undefined:undefined:undefined":15,"s:200:2:200:Infinity":58,"b:200:6:200:30:200:34:200:53":16,"s:200:55:200:Infinity":59,"b:201:2:201:Infinity:undefined:undefined:undefined:undefined":17,"s:201:2:201:Infinity":60,"s:201:29:201:Infinity":61,"b:202:2:202:Infinity:undefined:undefined:undefined:undefined":18,"s:202:2:202:Infinity":62,"s:202:36:202:Infinity":63,"b:203:2:203:Infinity:undefined:undefined:undefined:undefined":19,"s:203:2:203:Infinity":64,"b:203:6:203:27:203:31:203:51:203:55:203:75":20,"s:203:77:203:Infinity":65,"b:204:2:204:Infinity:undefined:undefined:undefined:undefined":21,"s:204:2:204:Infinity":66,"s:204:32:204:Infinity":67,"b:205:2:205:Infinity:undefined:undefined:undefined:undefined":22,"s:205:2:205:Infinity":68,"s:205:30:205:Infinity":69,"b:206:2:206:Infinity:undefined:undefined:undefined:undefined":23,"s:206:2:206:Infinity":70,"s:206:31:206:Infinity":71,"s:207:2:207:Infinity":72,"f:214:16:214:27":6,"s:215:16:215:45":73,"b:216:2:216:Infinity:undefined:undefined:undefined:undefined":24,"s:216:2:216:Infinity":74,"s:216:14:216:Infinity":75,"s:218:17:218:39":76,"s:219:15:219:Infinity":77,"s:220:14:220:24":78,"b:223:4:225:Infinity:226:4:228:Infinity:229:4:231:Infinity":25,"s:222:2:231:Infinity":79,"s:224:6:224:Infinity":80,"s:225:6:225:Infinity":81,"s:227:6:227:Infinity":82,"s:228:6:228:Infinity":83,"s:230:6:230:Infinity":84,"s:231:6:231:Infinity":85,"s:234:2:234:Infinity":86}}}
,"/home/node/.openclaw/workspace/verdict/src/db/schema.ts": {"path":"/home/node/.openclaw/workspace/verdict/src/db/schema.ts","statementMap":{"0":{"start":{"line":7,"column":35},"end":{"line":7,"column":null}},"1":{"start":{"line":25,"column":39},"end":{"line":25,"column":null}},"2":{"start":{"line":39,"column":38},"end":{"line":39,"column":null}},"3":{"start":{"line":53,"column":27},"end":{"line":57,"column":null}}},"fnMap":{},"branchMap":{},"s":{"0":4,"1":4,"2":4,"3":4},"f":{},"b":{},"meta":{"lastBranch":0,"lastFunction":0,"lastStatement":4,"seen":{"s:7:35:7:Infinity":0,"s:25:39:25:Infinity":1,"s:39:38:39:Infinity":2,"s:53:27:57:Infinity":3}}}
,"/home/node/.openclaw/workspace/verdict/src/judge/deterministic.ts": {"path":"/home/node/.openclaw/workspace/verdict/src/judge/deterministic.ts","statementMap":{"0":{"start":{"line":12,"column":15},"end":{"line":12,"column":28}},"1":{"start":{"line":14,"column":19},"end":{"line":17,"column":11}},"2":{"start":{"line":19,"column":2},"end":{"line":37,"column":null}},"3":{"start":{"line":20,"column":4},"end":{"line":20,"column":null}},"4":{"start":{"line":21,"column":4},"end":{"line":24,"column":null}},"5":{"start":{"line":27,"column":26},"end":{"line":27,"column":78}},"6":{"start":{"line":28,"column":4},"end":{"line":32,"column":null}},"7":{"start":{"line":29,"column":6},"end":{"line":32,"column":null}},"8":{"start":{"line":34,"column":4},"end":{"line":37,"column":null}},"9":{"start":{"line":42,"column":14},"end":{"line":42,"column":41}},"10":{"start":{"line":43,"column":15},"end":{"line":43,"column":44}},"11":{"start":{"line":44,"column":2},"end":{"line":48,"column":null}},"12":{"start":{"line":45,"column":4},"end":{"line":48,"column":null}},"13":{"start":{"line":50,"column":2},"end":{"line":53,"column":null}},"14":{"start":{"line":57,"column":14},"end":{"line":57,"column":34}},"15":{"start":{"line":58,"column":15},"end":{"line":58,"column":37}},"16":{"start":{"line":59,"column":2},"end":{"line":63,"column":null}},"17":{"start":{"line":60,"column":4},"end":{"line":63,"column":null}},"18":{"start":{"line":65,"column":2},"end":{"line":68,"column":null}},"19":{"start":{"line":76,"column":2},"end":{"line":80,"column":null}},"20":{"start":{"line":77,"column":4},"end":{"line":80,"column":null}},"21":{"start":{"line":84,"column":23},"end":{"line":84,"column":69}},"22":{"start":{"line":84,"column":44},"end":{"line":84,"column":69}},"23":{"start":{"line":85,"column":2},"end":{"line":89,"column":null}},"24":{"start":{"line":86,"column":4},"end":{"line":89,"column":null}},"25":{"start":{"line":93,"column":14},"end":{"line":93,"column":null}},"26":{"start":{"line":95,"column":2},"end":{"line":95,"column":null}},"27":{"start":{"line":98,"column":18},"end":{"line":98,"column":null}},"28":{"start":{"line":99,"column":28},"end":{"line":99,"column":61}},"29":{"start":{"line":100,"column":2},"end":{"line":108,"column":null}},"30":{"start":{"line":101,"column":4},"end":{"line":108,"column":null}},"31":{"start":{"line":102,"column":6},"end":{"line":102,"column":null}},"32":{"start":{"line":102,"column":26},"end":{"line":102,"column":null}},"33":{"start":{"line":103,"column":24},"end":{"line":103,"column":null}},"34":{"start":{"line":104,"column":6},"end":{"line":108,"column":null}},"35":{"start":{"line":105,"column":8},"end":{"line":105,"column":null}},"36":{"start":{"line":106,"column":8},"end":{"line":106,"column":null}},"37":{"start":{"line":108,"column":8},"end":{"line":108,"column":null}},"38":{"start":{"line":112,"column":2},"end":{"line":112,"column":null}},"39":{"start":{"line":114,"column":16},"end":{"line":114,"column":35}},"40":{"start":{"line":115,"column":2},"end":{"line":118,"column":null}},"41":{"start":{"line":122,"column":15},"end":{"line":122,"column":28}},"42":{"start":{"line":123,"column":19},"end":{"line":126,"column":11}},"43":{"start":{"line":129,"column":2},"end":{"line":135,"column":null}},"44":{"start":{"line":130,"column":4},"end":{"line":130,"column":null}},"45":{"start":{"line":132,"column":4},"end":{"line":135,"column":null}},"46":{"start":{"line":138,"column":2},"end":{"line":142,"column":null}},"47":{"start":{"line":139,"column":4},"end":{"line":142,"column":null}},"48":{"start":{"line":145,"column":24},"end":{"line":145,"column":null}},"49":{"start":{"line":146,"column":18},"end":{"line":146,"column":null}},"50":{"start":{"line":147,"column":28},"end":{"line":147,"column":30}},"51":{"start":{"line":149,"column":19},"end":{"line":149,"column":84}},"52":{"start":{"line":150,"column":2},"end":{"line":153,"column":null}},"53":{"start":{"line":151,"column":4},"end":{"line":153,"column":null}},"54":{"start":{"line":152,"column":6},"end":{"line":152,"column":null}},"55":{"start":{"line":153,"column":6},"end":{"line":153,"column":null}},"56":{"start":{"line":157,"column":22},"end":{"line":157,"column":45}},"57":{"start":{"line":158,"column":2},"end":{"line":169,"column":null}},"58":{"start":{"line":159,"column":4},"end":{"line":159,"column":null}},"59":{"start":{"line":159,"column":26},"end":{"line":159,"column":null}},"60":{"start":{"line":160,"column":25},"end":{"line":160,"column":null}},"61":{"start":{"line":161,"column":4},"end":{"line":161,"column":null}},"62":{"start":{"line":161,"column":23},"end":{"line":161,"column":null}},"63":{"start":{"line":162,"column":18},"end":{"line":162,"column":null}},"64":{"start":{"line":164,"column":4},"end":{"line":166,"column":null}},"65":{"start":{"line":164,"column":30},"end":{"line":164,"column":null}},"66":{"start":{"line":165,"column":13},"end":{"line":166,"column":null}},"67":{"start":{"line":165,"column":29},"end":{"line":165,"column":null}},"68":{"start":{"line":166,"column":9},"end":{"line":166,"column":null}},"69":{"start":{"line":167,"column":4},"end":{"line":169,"column":null}},"70":{"start":{"line":168,"column":6},"end":{"line":168,"column":null}},"71":{"start":{"line":169,"column":6},"end":{"line":169,"column":null}},"72":{"start":{"line":173,"column":16},"end":{"line":173,"column":73}},"73":{"start":{"line":174,"column":20},"end":{"line":176,"column":null}},"74":{"start":{"line":178,"column":2},"end":{"line":181,"column":null}},"75":{"start":{"line":185,"column":2},"end":{"line":185,"column":null}},"76":{"start":{"line":191,"column":2},"end":{"line":191,"column":null}},"77":{"start":{"line":191,"column":25},"end":{"line":191,"column":null}},"78":{"start":{"line":192,"column":2},"end":{"line":192,"column":null}},"79":{"start":{"line":192,"column":26},"end":{"line":192,"column":null}},"80":{"start":{"line":193,"column":2},"end":{"line":193,"column":null}},"81":{"start":{"line":193,"column":29},"end":{"line":193,"column":null}},"82":{"start":{"line":194,"column":2},"end":{"line":194,"column":null}},"83":{"start":{"line":194,"column":31},"end":{"line":194,"column":null}},"84":{"start":{"line":195,"column":2},"end":{"line":195,"column":null}}},"fnMap":{"0":{"name":"scoreJson","decl":{"start":{"line":11,"column":16},"end":{"line":11,"column":26}},"loc":{"start":{"line":11,"column":54},"end":{"line":37,"column":null}},"line":11},"1":{"name":"scoreExact","decl":{"start":{"line":41,"column":16},"end":{"line":41,"column":27}},"loc":{"start":{"line":41,"column":73},"end":{"line":53,"column":null}},"line":41},"2":{"name":"scoreContains","decl":{"start":{"line":56,"column":16},"end":{"line":56,"column":30}},"loc":{"start":{"line":56,"column":76},"end":{"line":68,"column":null}},"line":56},"3":{"name":"scoreToolCall","decl":{"start":{"line":71,"column":16},"end":{"line":71,"column":null}},"loc":{"start":{"line":75,"column":14},"end":{"line":118,"column":null}},"line":75},"4":{"name":"(anonymous_4)","decl":{"start":{"line":84,"column":33},"end":{"line":84,"column":38}},"loc":{"start":{"line":84,"column":44},"end":{"line":84,"column":69}},"line":84},"5":{"name":"scoreJsonSchema","decl":{"start":{"line":121,"column":16},"end":{"line":121,"column":32}},"loc":{"start":{"line":121,"column":93},"end":{"line":181,"column":null}},"line":121},"6":{"name":"isDeterministic","decl":{"start":{"line":184,"column":16},"end":{"line":184,"column":32}},"loc":{"start":{"line":184,"column":57},"end":{"line":185,"column":null}},"line":184},"7":{"name":"scoreDeterministic","decl":{"start":{"line":188,"column":16},"end":{"line":188,"column":null}},"loc":{"start":{"line":190,"column":21},"end":{"line":195,"column":null}},"line":190}},"branchMap":{"0":{"loc":{"start":{"line":27,"column":26},"end":{"line":27,"column":78}},"type":"binary-expr","locations":[{"start":{"line":27,"column":26},"end":{"line":27,"column":50}},{"start":{"line":27,"column":54},"end":{"line":27,"column":78}}],"line":27},"1":{"loc":{"start":{"line":28,"column":4},"end":{"line":32,"column":null}},"type":"if","locations":[{"start":{"line":28,"column":4},"end":{"line":32,"column":null}},{"start":{},"end":{}}],"line":28},"2":{"loc":{"start":{"line":31,"column":64},"end":{"line":31,"column":null}},"type":"cond-expr","locations":[{"start":{"line":31,"column":87},"end":{"line":31,"column":101}},{"start":{"line":31,"column":101},"end":{"line":31,"column":null}}],"line":31},"3":{"loc":{"start":{"line":44,"column":2},"end":{"line":48,"column":null}},"type":"if","locations":[{"start":{"line":44,"column":2},"end":{"line":48,"column":null}},{"start":{},"end":{}}],"line":44},"4":{"loc":{"start":{"line":59,"column":2},"end":{"line":63,"column":null}},"type":"if","locations":[{"start":{"line":59,"column":2},"end":{"line":63,"column":null}},{"start":{},"end":{}}],"line":59},"5":{"loc":{"start":{"line":76,"column":2},"end":{"line":80,"column":null}},"type":"if","locations":[{"start":{"line":76,"column":2},"end":{"line":80,"column":null}},{"start":{},"end":{}}],"line":76},"6":{"loc":{"start":{"line":76,"column":6},"end":{"line":76,"column":44}},"type":"binary-expr","locations":[{"start":{"line":76,"column":6},"end":{"line":76,"column":20}},{"start":{"line":76,"column":20},"end":{"line":76,"column":44}}],"line":76},"7":{"loc":{"start":{"line":85,"column":2},"end":{"line":89,"column":null}},"type":"if","locations":[{"start":{"line":85,"column":2},"end":{"line":89,"column":null}},{"start":{},"end":{}}],"line":85},"8":{"loc":{"start":{"line":100,"column":2},"end":{"line":108,"column":null}},"type":"if","locations":[{"start":{"line":100,"column":2},"end":{"line":108,"column":null}},{"start":{},"end":{}}],"line":100},"9":{"loc":{"start":{"line":102,"column":6},"end":{"line":102,"column":null}},"type":"if","locations":[{"start":{"line":102,"column":6},"end":{"line":102,"column":null}},{"start":{},"end":{}}],"line":102},"10":{"loc":{"start":{"line":104,"column":6},"end":{"line":108,"column":null}},"type":"if","locations":[{"start":{"line":104,"column":6},"end":{"line":108,"column":null}},{"start":{"line":107,"column":13},"end":{"line":108,"column":null}}],"line":104},"11":{"loc":{"start":{"line":138,"column":2},"end":{"line":142,"column":null}},"type":"if","locations":[{"start":{"line":138,"column":2},"end":{"line":142,"column":null}},{"start":{},"end":{}}],"line":138},"12":{"loc":{"start":{"line":138,"column":6},"end":{"line":138,"column":76}},"type":"binary-expr","locations":[{"start":{"line":138,"column":6},"end":{"line":138,"column":36}},{"start":{"line":138,"column":36},"end":{"line":138,"column":55}},{"start":{"line":138,"column":55},"end":{"line":138,"column":76}}],"line":138},"13":{"loc":{"start":{"line":149,"column":19},"end":{"line":149,"column":84}},"type":"cond-expr","locations":[{"start":{"line":149,"column":52},"end":{"line":149,"column":82}},{"start":{"line":149,"column":82},"end":{"line":149,"column":84}}],"line":149},"14":{"loc":{"start":{"line":151,"column":4},"end":{"line":153,"column":null}},"type":"if","locations":[{"start":{"line":151,"column":4},"end":{"line":153,"column":null}},{"start":{},"end":{}}],"line":151},"15":{"loc":{"start":{"line":157,"column":22},"end":{"line":157,"column":45}},"type":"binary-expr","locations":[{"start":{"line":157,"column":22},"end":{"line":157,"column":43}},{"start":{"line":157,"column":43},"end":{"line":157,"column":45}}],"line":157},"16":{"loc":{"start":{"line":159,"column":4},"end":{"line":159,"column":null}},"type":"if","locations":[{"start":{"line":159,"column":4},"end":{"line":159,"column":null}},{"start":{},"end":{}}],"line":159},"17":{"loc":{"start":{"line":161,"column":4},"end":{"line":161,"column":null}},"type":"if","locations":[{"start":{"line":161,"column":4},"end":{"line":161,"column":null}},{"start":{},"end":{}}],"line":161},"18":{"loc":{"start":{"line":164,"column":4},"end":{"line":166,"column":null}},"type":"if","locations":[{"start":{"line":164,"column":4},"end":{"line":166,"column":null}},{"start":{"line":165,"column":13},"end":{"line":166,"column":null}}],"line":164},"19":{"loc":{"start":{"line":165,"column":13},"end":{"line":166,"column":null}},"type":"if","locations":[{"start":{"line":165,"column":13},"end":{"line":166,"column":null}},{"start":{"line":166,"column":9},"end":{"line":166,"column":null}}],"line":165},"20":{"loc":{"start":{"line":167,"column":4},"end":{"line":169,"column":null}},"type":"if","locations":[{"start":{"line":167,"column":4},"end":{"line":169,"column":null}},{"start":{},"end":{}}],"line":167},"21":{"loc":{"start":{"line":174,"column":20},"end":{"line":176,"column":null}},"type":"cond-expr","locations":[{"start":{"line":175,"column":6},"end":{"line":175,"column":null}},{"start":{"line":176,"column":6},"end":{"line":176,"column":null}}],"line":174},"22":{"loc":{"start":{"line":185,"column":9},"end":{"line":185,"column":null}},"type":"binary-expr","locations":[{"start":{"line":185,"column":9},"end":{"line":185,"column":30}},{"start":{"line":185,"column":30},"end":{"line":185,"column":52}},{"start":{"line":185,"column":52},"end":{"line":185,"column":77}},{"start":{"line":185,"column":77},"end":{"line":185,"column":104}},{"start":{"line":185,"column":104},"end":{"line":185,"column":null}}],"line":185},"23":{"loc":{"start":{"line":191,"column":2},"end":{"line":191,"column":null}},"type":"if","locations":[{"start":{"line":191,"column":2},"end":{"line":191,"column":null}},{"start":{},"end":{}}],"line":191},"24":{"loc":{"start":{"line":192,"column":2},"end":{"line":192,"column":null}},"type":"if","locations":[{"start":{"line":192,"column":2},"end":{"line":192,"column":null}},{"start":{},"end":{}}],"line":192},"25":{"loc":{"start":{"line":192,"column":52},"end":{"line":192,"column":67}},"type":"binary-expr","locations":[{"start":{"line":192,"column":52},"end":{"line":192,"column":64}},{"start":{"line":192,"column":64},"end":{"line":192,"column":67}}],"line":192},"26":{"loc":{"start":{"line":193,"column":2},"end":{"line":193,"column":null}},"type":"if","locations":[{"start":{"line":193,"column":2},"end":{"line":193,"column":null}},{"start":{},"end":{}}],"line":193},"27":{"loc":{"start":{"line":193,"column":58},"end":{"line":193,"column":73}},"type":"binary-expr","locations":[{"start":{"line":193,"column":58},"end":{"line":193,"column":70}},{"start":{"line":193,"column":70},"end":{"line":193,"column":73}}],"line":193},"28":{"loc":{"start":{"line":194,"column":2},"end":{"line":194,"column":null}},"type":"if","locations":[{"start":{"line":194,"column":2},"end":{"line":194,"column":null}},{"start":{},"end":{}}],"line":194},"29":{"loc":{"start":{"line":194,"column":62},"end":{"line":194,"column":74}},"type":"binary-expr","locations":[{"start":{"line":194,"column":62},"end":{"line":194,"column":72}},{"start":{"line":194,"column":72},"end":{"line":194,"column":74}}],"line":194}},"s":{"0":8,"1":8,"2":8,"3":8,"4":8,"5":4,"6":4,"7":1,"8":3,"9":6,"10":6,"11":6,"12":4,"13":2,"14":5,"15":5,"16":5,"17":4,"18":1,"19":7,"20":2,"21":5,"22":5,"23":5,"24":1,"25":4,"26":4,"27":4,"28":4,"29":4,"30":3,"31":7,"32":1,"33":6,"34":6,"35":5,"36":5,"37":1,"38":4,"39":4,"40":4,"41":8,"42":8,"43":8,"44":8,"45":1,"46":7,"47":1,"48":6,"49":6,"50":6,"51":6,"52":8,"53":15,"54":8,"55":8,"56":6,"57":8,"58":9,"59":2,"60":7,"61":7,"62":0,"63":7,"64":7,"65":0,"66":7,"67":0,"68":7,"69":7,"70":2,"71":2,"72":6,"73":6,"74":8,"75":7,"76":5,"77":1,"78":4,"79":4,"80":3,"81":3,"82":2,"83":2,"84":1},"f":{"0":8,"1":6,"2":5,"3":7,"4":5,"5":8,"6":7,"7":5},"b":{"0":[4,3],"1":[1,3],"2":[1,0],"3":[4,2],"4":[4,1],"5":[2,5],"6":[7,6],"7":[1,4],"8":[3,1],"9":[1,6],"10":[5,1],"11":[1,6],"12":[7,7,7],"13":[6,0],"14":[8,7],"15":[6,0],"16":[2,7],"17":[0,7],"18":[0,7],"19":[0,7],"20":[2,5],"21":[3,3],"22":[7,6,5,4,3],"23":[1,4],"24":[1,3],"25":[1,0],"26":[1,2],"27":[1,0],"28":[1,1],"29":[1,0]},"meta":{"lastBranch":30,"lastFunction":8,"lastStatement":85,"seen":{"f:11:16:11:26":0,"s:12:15:12:28":0,"s:14:19:17:11":1,"s:19:2:37:Infinity":2,"s:20:4:20:Infinity":3,"s:21:4:24:Infinity":4,"s:27:26:27:78":5,"b:27:26:27:50:27:54:27:78":0,"b:28:4:32:Infinity:undefined:undefined:undefined:undefined":1,"s:28:4:32:Infinity":6,"s:29:6:32:Infinity":7,"b:31:87:31:101:31:101:31:Infinity":2,"s:34:4:37:Infinity":8,"f:41:16:41:27":1,"s:42:14:42:41":9,"s:43:15:43:44":10,"b:44:2:48:Infinity:undefined:undefined:undefined:undefined":3,"s:44:2:48:Infinity":11,"s:45:4:48:Infinity":12,"s:50:2:53:Infinity":13,"f:56:16:56:30":2,"s:57:14:57:34":14,"s:58:15:58:37":15,"b:59:2:63:Infinity:undefined:undefined:undefined:undefined":4,"s:59:2:63:Infinity":16,"s:60:4:63:Infinity":17,"s:65:2:68:Infinity":18,"f:71:16:71:Infinity":3,"b:76:2:80:Infinity:undefined:undefined:undefined:undefined":5,"s:76:2:80:Infinity":19,"b:76:6:76:20:76:20:76:44":6,"s:77:4:80:Infinity":20,"s:84:23:84:69":21,"f:84:33:84:38":4,"s:84:44:84:69":22,"b:85:2:89:Infinity:undefined:undefined:undefined:undefined":7,"s:85:2:89:Infinity":23,"s:86:4:89:Infinity":24,"s:93:14:93:Infinity":25,"s:95:2:95:Infinity":26,"s:98:18:98:Infinity":27,"s:99:28:99:61":28,"b:100:2:108:Infinity:undefined:undefined:undefined:undefined":8,"s:100:2:108:Infinity":29,"s:101:4:108:Infinity":30,"b:102:6:102:Infinity:undefined:undefined:undefined:undefined":9,"s:102:6:102:Infinity":31,"s:102:26:102:Infinity":32,"s:103:24:103:Infinity":33,"b:104:6:108:Infinity:107:13:108:Infinity":10,"s:104:6:108:Infinity":34,"s:105:8:105:Infinity":35,"s:106:8:106:Infinity":36,"s:108:8:108:Infinity":37,"s:112:2:112:Infinity":38,"s:114:16:114:35":39,"s:115:2:118:Infinity":40,"f:121:16:121:32":5,"s:122:15:122:28":41,"s:123:19:126:11":42,"s:129:2:135:Infinity":43,"s:130:4:130:Infinity":44,"s:132:4:135:Infinity":45,"b:138:2:142:Infinity:undefined:undefined:undefined:undefined":11,"s:138:2:142:Infinity":46,"b:138:6:138:36:138:36:138:55:138:55:138:76":12,"s:139:4:142:Infinity":47,"s:145:24:145:Infinity":48,"s:146:18:146:Infinity":49,"s:147:28:147:30":50,"s:149:19:149:84":51,"b:149:52:149:82:149:82:149:84":13,"s:150:2:153:Infinity":52,"b:151:4:153:Infinity:undefined:undefined:undefined:undefined":14,"s:151:4:153:Infinity":53,"s:152:6:152:Infinity":54,"s:153:6:153:Infinity":55,"s:157:22:157:45":56,"b:157:22:157:43:157:43:157:45":15,"s:158:2:169:Infinity":57,"b:159:4:159:Infinity:undefined:undefined:undefined:undefined":16,"s:159:4:159:Infinity":58,"s:159:26:159:Infinity":59,"s:160:25:160:Infinity":60,"b:161:4:161:Infinity:undefined:undefined:undefined:undefined":17,"s:161:4:161:Infinity":61,"s:161:23:161:Infinity":62,"s:162:18:162:Infinity":63,"b:164:4:166:Infinity:165:13:166:Infinity":18,"s:164:4:166:Infinity":64,"s:164:30:164:Infinity":65,"b:165:13:166:Infinity:166:9:166:Infinity":19,"s:165:13:166:Infinity":66,"s:165:29:165:Infinity":67,"s:166:9:166:Infinity":68,"b:167:4:169:Infinity:undefined:undefined:undefined:undefined":20,"s:167:4:169:Infinity":69,"s:168:6:168:Infinity":70,"s:169:6:169:Infinity":71,"s:173:16:173:73":72,"s:174:20:176:Infinity":73,"b:175:6:175:Infinity:176:6:176:Infinity":21,"s:178:2:181:Infinity":74,"f:184:16:184:32":6,"s:185:2:185:Infinity":75,"b:185:9:185:30:185:30:185:52:185:52:185:77:185:77:185:104:185:104:185:Infinity":22,"f:188:16:188:Infinity":7,"b:191:2:191:Infinity:undefined:undefined:undefined:undefined":23,"s:191:2:191:Infinity":76,"s:191:25:191:Infinity":77,"b:192:2:192:Infinity:undefined:undefined:undefined:undefined":24,"s:192:2:192:Infinity":78,"s:192:26:192:Infinity":79,"b:192:52:192:64:192:64:192:67":25,"b:193:2:193:Infinity:undefined:undefined:undefined:undefined":26,"s:193:2:193:Infinity":80,"s:193:29:193:Infinity":81,"b:193:58:193:70:193:70:193:73":27,"b:194:2:194:Infinity:undefined:undefined:undefined:undefined":28,"s:194:2:194:Infinity":82,"s:194:31:194:Infinity":83,"b:194:62:194:72:194:72:194:74":29,"s:195:2:195:Infinity":84}}}
,"/home/node/.openclaw/workspace/verdict/src/router/selector.ts": {"path":"/home/node/.openclaw/workspace/verdict/src/router/selector.ts","statementMap":{"0":{"start":{"line":26,"column":2},"end":{"line":26,"column":null}},"1":{"start":{"line":26,"column":17},"end":{"line":26,"column":null}},"2":{"start":{"line":27,"column":42},"end":{"line":35,"column":null}},"3":{"start":{"line":36,"column":2},"end":{"line":36,"column":null}},"4":{"start":{"line":44,"column":31},"end":{"line":44,"column":33}},"5":{"start":{"line":45,"column":50},"end":{"line":45,"column":52}},"6":{"start":{"line":48,"column":15},"end":{"line":48,"column":61}},"7":{"start":{"line":49,"column":2},"end":{"line":51,"column":null}},"8":{"start":{"line":50,"column":4},"end":{"line":50,"column":null}},"9":{"start":{"line":51,"column":4},"end":{"line":51,"column":null}},"10":{"start":{"line":55,"column":2},"end":{"line":56,"column":null}},"11":{"start":{"line":56,"column":4},"end":{"line":56,"column":null}},"12":{"start":{"line":60,"column":19},"end":{"line":60,"column":43}},"13":{"start":{"line":61,"column":2},"end":{"line":64,"column":null}},"14":{"start":{"line":62,"column":25},"end":{"line":62,"column":63}},"15":{"start":{"line":62,"column":48},"end":{"line":62,"column":63}},"16":{"start":{"line":63,"column":4},"end":{"line":63,"column":null}},"17":{"start":{"line":64,"column":4},"end":{"line":64,"column":null}},"18":{"start":{"line":64,"column":33},"end":{"line":64,"column":61}},"19":{"start":{"line":67,"column":16},"end":{"line":67,"column":null}},"20":{"start":{"line":70,"column":34},"end":{"line":70,"column":51}},"21":{"start":{"line":71,"column":2},"end":{"line":73,"column":null}},"22":{"start":{"line":72,"column":4},"end":{"line":72,"column":null}},"23":{"start":{"line":73,"column":4},"end":{"line":73,"column":null}},"24":{"start":{"line":75,"column":17},"end":{"line":75,"column":null}},"25":{"start":{"line":77,"column":14},"end":{"line":82,"column":null}},"26":{"start":{"line":87,"column":14},"end":{"line":87,"column":41}},"27":{"start":{"line":89,"column":2},"end":{"line":89,"column":null}},"28":{"start":{"line":89,"column":12},"end":{"line":89,"column":null}},"29":{"start":{"line":91,"column":19},"end":{"line":91,"column":null}},"30":{"start":{"line":92,"column":20},"end":{"line":92,"column":null}},"31":{"start":{"line":93,"column":17},"end":{"line":93,"column":null}},"32":{"start":{"line":95,"column":2},"end":{"line":100,"column":null}}},"fnMap":{"0":{"name":"taskTypeToPack","decl":{"start":{"line":25,"column":9},"end":{"line":25,"column":24}},"loc":{"start":{"line":25,"column":58},"end":{"line":36,"column":null}},"line":25},"1":{"name":"selectModel","decl":{"start":{"line":43,"column":16},"end":{"line":43,"column":28}},"loc":{"start":{"line":43,"column":98},"end":{"line":100,"column":null}},"line":43},"2":{"name":"(anonymous_2)","decl":{"start":{"line":62,"column":34},"end":{"line":62,"column":39}},"loc":{"start":{"line":62,"column":48},"end":{"line":62,"column":63}},"line":62},"3":{"name":"(anonymous_3)","decl":{"start":{"line":64,"column":13},"end":{"line":64,"column":22}},"loc":{"start":{"line":64,"column":31},"end":{"line":64,"column":null}},"line":64}},"branchMap":{"0":{"loc":{"start":{"line":26,"column":2},"end":{"line":26,"column":null}},"type":"if","locations":[{"start":{"line":26,"column":2},"end":{"line":26,"column":null}},{"start":{},"end":{}}],"line":26},"1":{"loc":{"start":{"line":36,"column":9},"end":{"line":36,"column":null}},"type":"binary-expr","locations":[{"start":{"line":36,"column":9},"end":{"line":36,"column":44}},{"start":{"line":36,"column":44},"end":{"line":36,"column":null}}],"line":36},"2":{"loc":{"start":{"line":48,"column":15},"end":{"line":48,"column":61}},"type":"binary-expr","locations":[{"start":{"line":48,"column":15},"end":{"line":48,"column":32}},{"start":{"line":48,"column":32},"end":{"line":48,"column":61}}],"line":48},"3":{"loc":{"start":{"line":49,"column":2},"end":{"line":51,"column":null}},"type":"if","locations":[{"start":{"line":49,"column":2},"end":{"line":51,"column":null}},{"start":{},"end":{}}],"line":49},"4":{"loc":{"start":{"line":55,"column":2},"end":{"line":56,"column":null}},"type":"if","locations":[{"start":{"line":55,"column":2},"end":{"line":56,"column":null}},{"start":{},"end":{}}],"line":55},"5":{"loc":{"start":{"line":60,"column":19},"end":{"line":60,"column":43}},"type":"binary-expr","locations":[{"start":{"line":60,"column":19},"end":{"line":60,"column":41}},{"start":{"line":60,"column":41},"end":{"line":60,"column":43}}],"line":60},"6":{"loc":{"start":{"line":61,"column":2},"end":{"line":64,"column":null}},"type":"if","locations":[{"start":{"line":61,"column":2},"end":{"line":64,"column":null}},{"start":{},"end":{}}],"line":61},"7":{"loc":{"start":{"line":67,"column":16},"end":{"line":67,"column":null}},"type":"cond-expr","locations":[{"start":{"line":67,"column":40},"end":{"line":67,"column":78}},{"start":{"line":67,"column":78},"end":{"line":67,"column":null}}],"line":67},"8":{"loc":{"start":{"line":71,"column":2},"end":{"line":73,"column":null}},"type":"if","locations":[{"start":{"line":71,"column":2},"end":{"line":73,"column":null}},{"start":{},"end":{}}],"line":71},"9":{"loc":{"start":{"line":89,"column":2},"end":{"line":89,"column":null}},"type":"if","locations":[{"start":{"line":89,"column":2},"end":{"line":89,"column":null}},{"start":{},"end":{}}],"line":89},"10":{"loc":{"start":{"line":91,"column":19},"end":{"line":91,"column":null}},"type":"cond-expr","locations":[{"start":{"line":91,"column":26},"end":{"line":91,"column":42}},{"start":{"line":91,"column":42},"end":{"line":91,"column":null}}],"line":91},"11":{"loc":{"start":{"line":92,"column":20},"end":{"line":92,"column":null}},"type":"cond-expr","locations":[{"start":{"line":92,"column":39},"end":{"line":92,"column":61}},{"start":{"line":92,"column":61},"end":{"line":92,"column":null}}],"line":92},"12":{"loc":{"start":{"line":97,"column":14},"end":{"line":97,"column":null}},"type":"binary-expr","locations":[{"start":{"line":97,"column":14},"end":{"line":97,"column":30}},{"start":{"line":97,"column":30},"end":{"line":97,"column":null}}],"line":97}},"s":{"0":8,"1":7,"2":1,"3":1,"4":10,"5":10,"6":10,"7":10,"8":3,"9":3,"10":10,"11":2,"12":10,"13":10,"14":1,"15":1,"16":1,"17":1,"18":1,"19":10,"20":10,"21":10,"22":2,"23":2,"24":10,"25":10,"26":10,"27":10,"28":2,"29":8,"30":10,"31":10,"32":10},"f":{"0":8,"1":10,"2":1,"3":1},"b":{"0":[7,1],"1":[1,0],"2":[10,8],"3":[3,7],"4":[2,8],"5":[10,9],"6":[1,9],"7":[5,5],"8":[2,8],"9":[2,8],"10":[3,5],"11":[2,6],"12":[10,0]},"meta":{"lastBranch":13,"lastFunction":4,"lastStatement":33,"seen":{"f:25:9:25:24":0,"b:26:2:26:Infinity:undefined:undefined:undefined:undefined":0,"s:26:2:26:Infinity":0,"s:26:17:26:Infinity":1,"s:27:42:35:Infinity":2,"s:36:2:36:Infinity":3,"b:36:9:36:44:36:44:36:Infinity":1,"f:43:16:43:28":1,"s:44:31:44:33":4,"s:45:50:45:52":5,"s:48:15:48:61":6,"b:48:15:48:32:48:32:48:61":2,"b:49:2:51:Infinity:undefined:undefined:undefined:undefined":3,"s:49:2:51:Infinity":7,"s:50:4:50:Infinity":8,"s:51:4:51:Infinity":9,"b:55:2:56:Infinity:undefined:undefined:undefined:undefined":4,"s:55:2:56:Infinity":10,"s:56:4:56:Infinity":11,"s:60:19:60:43":12,"b:60:19:60:41:60:41:60:43":5,"b:61:2:64:Infinity:undefined:undefined:undefined:undefined":6,"s:61:2:64:Infinity":13,"s:62:25:62:63":14,"f:62:34:62:39":2,"s:62:48:62:63":15,"s:63:4:63:Infinity":16,"s:64:4:64:Infinity":17,"f:64:13:64:22":3,"s:64:33:64:61":18,"s:67:16:67:Infinity":19,"b:67:40:67:78:67:78:67:Infinity":7,"s:70:34:70:51":20,"b:71:2:73:Infinity:undefined:undefined:undefined:undefined":8,"s:71:2:73:Infinity":21,"s:72:4:72:Infinity":22,"s:73:4:73:Infinity":23,"s:75:17:75:Infinity":24,"s:77:14:82:Infinity":25,"s:87:14:87:41":26,"b:89:2:89:Infinity:undefined:undefined:undefined:undefined":9,"s:89:2:89:Infinity":27,"s:89:12:89:Infinity":28,"s:91:19:91:Infinity":29,"b:91:26:91:42:91:42:91:Infinity":10,"s:92:20:92:Infinity":30,"b:92:39:92:61:92:61:92:Infinity":11,"s:93:17:93:Infinity":31,"s:95:2:100:Infinity":32,"b:97:14:97:30:97:30:97:Infinity":12}}}
}
