{"/Users/Vera/.openclaw/workspace/verdict-fork/src/index.ts": {"path":"/Users/Vera/.openclaw/workspace/verdict-fork/src/index.ts","statementMap":{},"fnMap":{},"branchMap":{},"s":{},"f":{},"b":{},"meta":{"lastBranch":0,"lastFunction":0,"lastStatement":0,"seen":{}}}
,"/Users/Vera/.openclaw/workspace/verdict-fork/src/cli/commands/history.ts": {"path":"/Users/Vera/.openclaw/workspace/verdict-fork/src/cli/commands/history.ts","statementMap":{"0":{"start":{"line":19,"column":20},"end":{"line":19,"column":null}},"1":{"start":{"line":23,"column":2},"end":{"line":23,"column":null}},"2":{"start":{"line":23,"column":27},"end":{"line":23,"column":null}},"3":{"start":{"line":24,"column":14},"end":{"line":24,"column":33}},"4":{"start":{"line":25,"column":14},"end":{"line":25,"column":33}},"5":{"start":{"line":26,"column":16},"end":{"line":26,"column":null}},"6":{"start":{"line":27,"column":2},"end":{"line":30,"column":null}},"7":{"start":{"line":28,"column":16},"end":{"line":28,"column":74}},"8":{"start":{"line":29,"column":4},"end":{"line":29,"column":null}},"9":{"start":{"line":35,"column":2},"end":{"line":35,"column":null}},"10":{"start":{"line":40,"column":2},"end":{"line":40,"column":null}},"11":{"start":{"line":45,"column":2},"end":{"line":45,"column":null}},"12":{"start":{"line":45,"column":39},"end":{"line":45,"column":null}},"13":{"start":{"line":46,"column":2},"end":{"line":46,"column":null}},"14":{"start":{"line":51,"column":2},"end":{"line":51,"column":null}},"15":{"start":{"line":51,"column":57},"end":{"line":51,"column":null}},"16":{"start":{"line":52,"column":2},"end":{"line":52,"column":null}},"17":{"start":{"line":57,"column":2},"end":{"line":62,"column":null}},"18":{"start":{"line":58,"column":4},"end":{"line":58,"column":null}},"19":{"start":{"line":59,"column":4},"end":{"line":59,"column":null}},"20":{"start":{"line":61,"column":4},"end":{"line":61,"column":null}},"21":{"start":{"line":62,"column":4},"end":{"line":62,"column":null}},"22":{"start":{"line":65,"column":35},"end":{"line":71,"column":null}},"23":{"start":{"line":74,"column":2},"end":{"line":80,"column":null}},"24":{"start":{"line":75,"column":4},"end":{"line":75,"column":null}},"25":{"start":{"line":77,"column":4},"end":{"line":77,"column":null}},"26":{"start":{"line":78,"column":4},"end":{"line":78,"column":null}},"27":{"start":{"line":80,"column":4},"end":{"line":80,"column":null}},"28":{"start":{"line":83,"column":2},"end":{"line":87,"column":null}},"29":{"start":{"line":84,"column":4},"end":{"line":84,"column":null}},"30":{"start":{"line":85,"column":4},"end":{"line":85,"column":null}},"31":{"start":{"line":86,"column":4},"end":{"line":86,"column":null}},"32":{"start":{"line":87,"column":4},"end":{"line":87,"column":null}},"33":{"start":{"line":90,"column":2},"end":{"line":90,"column":null}},"34":{"start":{"line":91,"column":2},"end":{"line":91,"column":null}},"35":{"start":{"line":92,"column":2},"end":{"line":92,"column":null}},"36":{"start":{"line":95,"column":17},"end":{"line":95,"column":null}},"37":{"start":{"line":96,"column":2},"end":{"line":96,"column":null}},"38":{"start":{"line":97,"column":2},"end":{"line":97,"column":null}},"39":{"start":{"line":100,"column":2},"end":{"line":131,"column":null}},"40":{"start":{"line":101,"column":50},"end":{"line":101,"column":52}},"41":{"start":{"line":102,"column":4},"end":{"line":104,"column":null}},"42":{"start":{"line":103,"column":6},"end":{"line":103,"column":null}},"43":{"start":{"line":103,"column":38},"end":{"line":103,"column":null}},"44":{"start":{"line":104,"column":6},"end":{"line":104,"column":null}},"45":{"start":{"line":107,"column":4},"end":{"line":118,"column":null}},"46":{"start":{"line":108,"column":29},"end":{"line":108,"column":null}},"47":{"start":{"line":109,"column":23},"end":{"line":109,"column":null}},"48":{"start":{"line":110,"column":23},"end":{"line":110,"column":null}},"49":{"start":{"line":111,"column":25},"end":{"line":111,"column":58}},"50":{"start":{"line":112,"column":22},"end":{"line":112,"column":52}},"51":{"start":{"line":113,"column":22},"end":{"line":113,"column":44}},"52":{"start":{"line":114,"column":20},"end":{"line":114,"column":56}},"53":{"start":{"line":116,"column":6},"end":{"line":118,"column":null}},"54":{"start":{"line":121,"column":4},"end":{"line":131,"column":null}},"55":{"start":{"line":122,"column":29},"end":{"line":122,"column":null}},"56":{"start":{"line":123,"column":23},"end":{"line":123,"column":null}},"57":{"start":{"line":124,"column":23},"end":{"line":124,"column":null}},"58":{"start":{"line":125,"column":25},"end":{"line":125,"column":58}},"59":{"start":{"line":126,"column":22},"end":{"line":126,"column":52}},"60":{"start":{"line":127,"column":22},"end":{"line":127,"column":44}},"61":{"start":{"line":129,"column":6},"end":{"line":131,"column":null}},"62":{"start":{"line":135,"column":2},"end":{"line":135,"column":null}},"63":{"start":{"line":136,"column":2},"end":{"line":136,"column":null}},"64":{"start":{"line":137,"column":2},"end":{"line":137,"column":null}}},"fnMap":{"0":{"name":"sparkline","decl":{"start":{"line":22,"column":16},"end":{"line":22,"column":26}},"loc":{"start":{"line":22,"column":52},"end":{"line":30,"column":null}},"line":22},"1":{"name":"(anonymous_1)","decl":{"start":{"line":27,"column":16},"end":{"line":27,"column":20}},"loc":{"start":{"line":27,"column":25},"end":{"line":30,"column":5}},"line":27},"2":{"name":"col","decl":{"start":{"line":34,"column":9},"end":{"line":34,"column":13}},"loc":{"start":{"line":34,"column":43},"end":{"line":35,"column":null}},"line":34},"3":{"name":"formatDate","decl":{"start":{"line":39,"column":9},"end":{"line":39,"column":20}},"loc":{"start":{"line":39,"column":45},"end":{"line":40,"column":null}},"line":39},"4":{"name":"formatLatency","decl":{"start":{"line":44,"column":9},"end":{"line":44,"column":23}},"loc":{"start":{"line":44,"column":50},"end":{"line":46,"column":null}},"line":44},"5":{"name":"formatCost","decl":{"start":{"line":50,"column":9},"end":{"line":50,"column":20}},"loc":{"start":{"line":50,"column":49},"end":{"line":52,"column":null}},"line":50},"6":{"name":"historyCommand","decl":{"start":{"line":55,"column":22},"end":{"line":55,"column":37}},"loc":{"start":{"line":55,"column":78},"end":{"line":137,"column":null}},"line":55}},"branchMap":{"0":{"loc":{"start":{"line":23,"column":2},"end":{"line":23,"column":null}},"type":"if","locations":[{"start":{"line":23,"column":2},"end":{"line":23,"column":null}},{"start":{},"end":{}}],"line":23},"1":{"loc":{"start":{"line":26,"column":16},"end":{"line":26,"column":null}},"type":"binary-expr","locations":[{"start":{"line":26,"column":16},"end":{"line":26,"column":29}},{"start":{"line":26,"column":29},"end":{"line":26,"column":null}}],"line":26},"2":{"loc":{"start":{"line":45,"column":2},"end":{"line":45,"column":null}},"type":"if","locations":[{"start":{"line":45,"column":2},"end":{"line":45,"column":null}},{"start":{},"end":{}}],"line":45},"3":{"loc":{"start":{"line":45,"column":6},"end":{"line":45,"column":39}},"type":"binary-expr","locations":[{"start":{"line":45,"column":6},"end":{"line":45,"column":21}},{"start":{"line":45,"column":21},"end":{"line":45,"column":39}}],"line":45},"4":{"loc":{"start":{"line":51,"column":2},"end":{"line":51,"column":null}},"type":"if","locations":[{"start":{"line":51,"column":2},"end":{"line":51,"column":null}},{"start":{},"end":{}}],"line":51},"5":{"loc":{"start":{"line":51,"column":6},"end":{"line":51,"column":57}},"type":"binary-expr","locations":[{"start":{"line":51,"column":6},"end":{"line":51,"column":23}},{"start":{"line":51,"column":23},"end":{"line":51,"column":45}},{"start":{"line":51,"column":45},"end":{"line":51,"column":57}}],"line":51},"6":{"loc":{"start":{"line":61,"column":58},"end":{"line":61,"column":101}},"type":"cond-expr","locations":[{"start":{"line":61,"column":81},"end":{"line":61,"column":95}},{"start":{"line":61,"column":95},"end":{"line":61,"column":101}}],"line":61},"7":{"loc":{"start":{"line":69,"column":11},"end":{"line":69,"column":null}},"type":"cond-expr","locations":[{"start":{"line":69,"column":24},"end":{"line":69,"column":48}},{"start":{"line":69,"column":51},"end":{"line":69,"column":null}}],"line":69},"8":{"loc":{"start":{"line":70,"column":13},"end":{"line":70,"column":null}},"type":"cond-expr","locations":[{"start":{"line":70,"column":37},"end":{"line":70,"column":47}},{"start":{"line":70,"column":47},"end":{"line":70,"column":null}}],"line":70},"9":{"loc":{"start":{"line":77,"column":47},"end":{"line":77,"column":90}},"type":"cond-expr","locations":[{"start":{"line":77,"column":70},"end":{"line":77,"column":84}},{"start":{"line":77,"column":84},"end":{"line":77,"column":90}}],"line":77},"10":{"loc":{"start":{"line":83,"column":2},"end":{"line":87,"column":null}},"type":"if","locations":[{"start":{"line":83,"column":2},"end":{"line":87,"column":null}},{"start":{},"end":{}}],"line":83},"11":{"loc":{"start":{"line":100,"column":2},"end":{"line":131,"column":null}},"type":"if","locations":[{"start":{"line":100,"column":2},"end":{"line":131,"column":null}},{"start":{"line":120,"column":9},"end":{"line":131,"column":null}}],"line":100},"12":{"loc":{"start":{"line":103,"column":6},"end":{"line":103,"column":null}},"type":"if","locations":[{"start":{"line":103,"column":6},"end":{"line":103,"column":null}},{"start":{},"end":{}}],"line":103},"13":{"loc":{"start":{"line":108,"column":29},"end":{"line":108,"column":null}},"type":"cond-expr","locations":[{"start":{"line":108,"column":44},"end":{"line":108,"column":67}},{"start":{"line":108,"column":67},"end":{"line":108,"column":null}}],"line":108},"14":{"loc":{"start":{"line":122,"column":29},"end":{"line":122,"column":null}},"type":"cond-expr","locations":[{"start":{"line":122,"column":44},"end":{"line":122,"column":67}},{"start":{"line":122,"column":67},"end":{"line":122,"column":null}}],"line":122}},"s":{"0":1,"1":7,"2":1,"3":6,"4":6,"5":6,"6":7,"7":26,"8":26,"9":0,"10":0,"11":0,"12":0,"13":0,"14":0,"15":0,"16":0,"17":0,"18":0,"19":0,"20":0,"21":0,"22":0,"23":0,"24":0,"25":0,"26":0,"27":0,"28":0,"29":0,"30":0,"31":0,"32":0,"33":0,"34":0,"35":0,"36":0,"37":0,"38":0,"39":0,"40":0,"41":0,"42":0,"43":0,"44":0,"45":0,"46":0,"47":0,"48":0,"49":0,"50":0,"51":0,"52":0,"53":0,"54":0,"55":0,"56":0,"57":0,"58":0,"59":0,"60":0,"61":0,"62":0,"63":0,"64":0},"f":{"0":7,"1":26,"2":0,"3":0,"4":0,"5":0,"6":0},"b":{"0":[1,6],"1":[6,2],"2":[0,0],"3":[0,0],"4":[0,0],"5":[0,0,0],"6":[0,0],"7":[0,0],"8":[0,0],"9":[0,0],"10":[0,0],"11":[0,0],"12":[0,0],"13":[0,0],"14":[0,0]},"meta":{"lastBranch":15,"lastFunction":7,"lastStatement":65,"seen":{"s:19:20:19:Infinity":0,"f:22:16:22:26":0,"b:23:2:23:Infinity:undefined:undefined:undefined:undefined":0,"s:23:2:23:Infinity":1,"s:23:27:23:Infinity":2,"s:24:14:24:33":3,"s:25:14:25:33":4,"s:26:16:26:Infinity":5,"b:26:16:26:29:26:29:26:Infinity":1,"s:27:2:30:Infinity":6,"f:27:16:27:20":1,"s:28:16:28:74":7,"s:29:4:29:Infinity":8,"f:34:9:34:13":2,"s:35:2:35:Infinity":9,"f:39:9:39:20":3,"s:40:2:40:Infinity":10,"f:44:9:44:23":4,"b:45:2:45:Infinity:undefined:undefined:undefined:undefined":2,"s:45:2:45:Infinity":11,"b:45:6:45:21:45:21:45:39":3,"s:45:39:45:Infinity":12,"s:46:2:46:Infinity":13,"f:50:9:50:20":5,"b:51:2:51:Infinity:undefined:undefined:undefined:undefined":4,"s:51:2:51:Infinity":14,"b:51:6:51:23:51:23:51:45:51:45:51:57":5,"s:51:57:51:Infinity":15,"s:52:2:52:Infinity":16,"f:55:22:55:37":6,"s:57:2:62:Infinity":17,"s:58:4:58:Infinity":18,"s:59:4:59:Infinity":19,"s:61:4:61:Infinity":20,"b:61:81:61:95:61:95:61:101":6,"s:62:4:62:Infinity":21,"s:65:35:71:Infinity":22,"b:69:24:69:48:69:51:69:Infinity":7,"b:70:37:70:47:70:47:70:Infinity":8,"s:74:2:80:Infinity":23,"s:75:4:75:Infinity":24,"s:77:4:77:Infinity":25,"b:77:70:77:84:77:84:77:90":9,"s:78:4:78:Infinity":26,"s:80:4:80:Infinity":27,"b:83:2:87:Infinity:undefined:undefined:undefined:undefined":10,"s:83:2:87:Infinity":28,"s:84:4:84:Infinity":29,"s:85:4:85:Infinity":30,"s:86:4:86:Infinity":31,"s:87:4:87:Infinity":32,"s:90:2:90:Infinity":33,"s:91:2:91:Infinity":34,"s:92:2:92:Infinity":35,"s:95:17:95:Infinity":36,"s:96:2:96:Infinity":37,"s:97:2:97:Infinity":38,"b:100:2:131:Infinity:120:9:131:Infinity":11,"s:100:2:131:Infinity":39,"s:101:50:101:52":40,"s:102:4:104:Infinity":41,"b:103:6:103:Infinity:undefined:undefined:undefined:undefined":12,"s:103:6:103:Infinity":42,"s:103:38:103:Infinity":43,"s:104:6:104:Infinity":44,"s:107:4:118:Infinity":45,"s:108:29:108:Infinity":46,"b:108:44:108:67:108:67:108:Infinity":13,"s:109:23:109:Infinity":47,"s:110:23:110:Infinity":48,"s:111:25:111:58":49,"s:112:22:112:52":50,"s:113:22:113:44":51,"s:114:20:114:56":52,"s:116:6:118:Infinity":53,"s:121:4:131:Infinity":54,"s:122:29:122:Infinity":55,"b:122:44:122:67:122:67:122:Infinity":14,"s:123:23:123:Infinity":56,"s:124:23:124:Infinity":57,"s:125:25:125:58":58,"s:126:22:126:52":59,"s:127:22:127:44":60,"s:129:6:131:Infinity":61,"s:135:2:135:Infinity":62,"s:136:2:136:Infinity":63,"s:137:2:137:Infinity":64}}}
,"/Users/Vera/.openclaw/workspace/verdict-fork/src/cli/commands/validate.ts": {"path":"/Users/Vera/.openclaw/workspace/verdict-fork/src/cli/commands/validate.ts","statementMap":{"0":{"start":{"line":10,"column":2},"end":{"line":13,"column":null}},"1":{"start":{"line":11,"column":4},"end":{"line":13,"column":null}},"2":{"start":{"line":12,"column":6},"end":{"line":12,"column":null}},"3":{"start":{"line":15,"column":2},"end":{"line":15,"column":null}},"4":{"start":{"line":15,"column":28},"end":{"line":15,"column":null}},"5":{"start":{"line":16,"column":2},"end":{"line":19,"column":null}},"6":{"start":{"line":17,"column":4},"end":{"line":19,"column":null}},"7":{"start":{"line":18,"column":71},"end":{"line":18,"column":93}},"8":{"start":{"line":21,"column":2},"end":{"line":21,"column":null}},"9":{"start":{"line":40,"column":2},"end":{"line":48,"column":null}},"10":{"start":{"line":41,"column":20},"end":{"line":43,"column":null}},"11":{"start":{"line":45,"column":16},"end":{"line":45,"column":60}},"12":{"start":{"line":46,"column":4},"end":{"line":46,"column":null}},"13":{"start":{"line":48,"column":4},"end":{"line":48,"column":null}},"14":{"start":{"line":53,"column":27},"end":{"line":53,"column":29}},"15":{"start":{"line":54,"column":29},"end":{"line":54,"column":31}},"16":{"start":{"line":55,"column":18},"end":{"line":55,"column":null}},"17":{"start":{"line":58,"column":19},"end":{"line":58,"column":43}},"18":{"start":{"line":59,"column":2},"end":{"line":61,"column":null}},"19":{"start":{"line":60,"column":4},"end":{"line":60,"column":null}},"20":{"start":{"line":61,"column":4},"end":{"line":61,"column":null}},"21":{"start":{"line":66,"column":2},"end":{"line":72,"column":null}},"22":{"start":{"line":67,"column":4},"end":{"line":67,"column":null}},"23":{"start":{"line":69,"column":20},"end":{"line":69,"column":null}},"24":{"start":{"line":70,"column":17},"end":{"line":70,"column":null}},"25":{"start":{"line":71,"column":4},"end":{"line":71,"column":null}},"26":{"start":{"line":72,"column":4},"end":{"line":72,"column":null}},"27":{"start":{"line":76,"column":19},"end":{"line":76,"column":38}},"28":{"start":{"line":77,"column":17},"end":{"line":77,"column":49}},"29":{"start":{"line":78,"column":2},"end":{"line":83,"column":null}},"30":{"start":{"line":79,"column":4},"end":{"line":81,"column":null}},"31":{"start":{"line":80,"column":22},"end":{"line":80,"column":42}},"32":{"start":{"line":81,"column":6},"end":{"line":81,"column":null}},"33":{"start":{"line":83,"column":4},"end":{"line":83,"column":null}},"34":{"start":{"line":86,"column":17},"end":{"line":86,"column":null}},"35":{"start":{"line":89,"column":2},"end":{"line":94,"column":null}},"36":{"start":{"line":90,"column":24},"end":{"line":90,"column":null}},"37":{"start":{"line":91,"column":23},"end":{"line":91,"column":42}},"38":{"start":{"line":92,"column":21},"end":{"line":92,"column":null}},"39":{"start":{"line":93,"column":4},"end":{"line":94,"column":null}},"40":{"start":{"line":94,"column":6},"end":{"line":94,"column":null}},"41":{"start":{"line":97,"column":2},"end":{"line":97,"column":null}},"42":{"start":{"line":98,"column":2},"end":{"line":98,"column":null}},"43":{"start":{"line":101,"column":2},"end":{"line":103,"column":null}},"44":{"start":{"line":102,"column":4},"end":{"line":103,"column":null}},"45":{"start":{"line":103,"column":6},"end":{"line":103,"column":null}},"46":{"start":{"line":108,"column":19},"end":{"line":108,"column":56}},"47":{"start":{"line":108,"column":50},"end":{"line":108,"column":55}},"48":{"start":{"line":109,"column":2},"end":{"line":110,"column":null}},"49":{"start":{"line":110,"column":4},"end":{"line":110,"column":null}},"50":{"start":{"line":114,"column":20},"end":{"line":114,"column":42}},"51":{"start":{"line":115,"column":2},"end":{"line":139,"column":null}},"52":{"start":{"line":116,"column":25},"end":{"line":118,"column":41}},"53":{"start":{"line":120,"column":4},"end":{"line":122,"column":null}},"54":{"start":{"line":121,"column":6},"end":{"line":121,"column":null}},"55":{"start":{"line":122,"column":6},"end":{"line":122,"column":null}},"56":{"start":{"line":125,"column":4},"end":{"line":139,"column":null}},"57":{"start":{"line":126,"column":22},"end":{"line":126,"column":70}},"58":{"start":{"line":127,"column":25},"end":{"line":127,"column":58}},"59":{"start":{"line":128,"column":6},"end":{"line":134,"column":null}},"60":{"start":{"line":129,"column":8},"end":{"line":130,"column":null}},"61":{"start":{"line":130,"column":10},"end":{"line":130,"column":null}},"62":{"start":{"line":133,"column":8},"end":{"line":134,"column":null}},"63":{"start":{"line":134,"column":10},"end":{"line":134,"column":null}},"64":{"start":{"line":138,"column":22},"end":{"line":138,"column":null}},"65":{"start":{"line":139,"column":6},"end":{"line":139,"column":null}},"66":{"start":{"line":143,"column":2},"end":{"line":143,"column":null}},"67":{"start":{"line":147,"column":2},"end":{"line":147,"column":null}},"68":{"start":{"line":149,"column":47},"end":{"line":149,"column":74}},"69":{"start":{"line":151,"column":2},"end":{"line":167,"column":null}},"70":{"start":{"line":152,"column":4},"end":{"line":152,"column":null}},"71":{"start":{"line":153,"column":4},"end":{"line":154,"column":null}},"72":{"start":{"line":154,"column":6},"end":{"line":154,"column":null}},"73":{"start":{"line":156,"column":4},"end":{"line":156,"column":null}},"74":{"start":{"line":157,"column":4},"end":{"line":157,"column":null}},"75":{"start":{"line":158,"column":4},"end":{"line":158,"column":null}},"76":{"start":{"line":159,"column":4},"end":{"line":159,"column":null}},"77":{"start":{"line":160,"column":4},"end":{"line":160,"column":null}},"78":{"start":{"line":162,"column":4},"end":{"line":162,"column":null}},"79":{"start":{"line":163,"column":4},"end":{"line":164,"column":null}},"80":{"start":{"line":164,"column":6},"end":{"line":164,"column":null}},"81":{"start":{"line":166,"column":4},"end":{"line":166,"column":null}},"82":{"start":{"line":167,"column":4},"end":{"line":167,"column":null}}},"fnMap":{"0":{"name":"resolveEnvVars","decl":{"start":{"line":9,"column":9},"end":{"line":9,"column":24}},"loc":{"start":{"line":9,"column":49},"end":{"line":21,"column":null}},"line":9},"1":{"name":"(anonymous_1)","decl":{"start":{"line":11,"column":25},"end":{"line":11,"column":57}},"loc":{"start":{"line":11,"column":79},"end":{"line":13,"column":null}},"line":11},"2":{"name":"(anonymous_2)","decl":{"start":{"line":18,"column":55},"end":{"line":18,"column":60}},"loc":{"start":{"line":18,"column":71},"end":{"line":18,"column":93}},"line":18},"3":{"name":"getPackageVersion","decl":{"start":{"line":39,"column":9},"end":{"line":39,"column":37}},"loc":{"start":{"line":39,"column":37},"end":{"line":48,"column":null}},"line":39},"4":{"name":"validateConfig","decl":{"start":{"line":52,"column":16},"end":{"line":52,"column":31}},"loc":{"start":{"line":52,"column":69},"end":{"line":143,"column":null}},"line":52},"5":{"name":"(anonymous_5)","decl":{"start":{"line":108,"column":41},"end":{"line":108,"column":45}},"loc":{"start":{"line":108,"column":50},"end":{"line":108,"column":55}},"line":108},"6":{"name":"validateCommand","decl":{"start":{"line":146,"column":22},"end":{"line":146,"column":38}},"loc":{"start":{"line":146,"column":76},"end":{"line":167,"column":null}},"line":146}},"branchMap":{"0":{"loc":{"start":{"line":10,"column":2},"end":{"line":13,"column":null}},"type":"if","locations":[{"start":{"line":10,"column":2},"end":{"line":13,"column":null}},{"start":{},"end":{}}],"line":10},"1":{"loc":{"start":{"line":12,"column":13},"end":{"line":12,"column":null}},"type":"binary-expr","locations":[{"start":{"line":12,"column":13},"end":{"line":12,"column":34}},{"start":{"line":12,"column":34},"end":{"line":12,"column":46}},{"start":{"line":12,"column":46},"end":{"line":12,"column":null}}],"line":12},"2":{"loc":{"start":{"line":15,"column":2},"end":{"line":15,"column":null}},"type":"if","locations":[{"start":{"line":15,"column":2},"end":{"line":15,"column":null}},{"start":{},"end":{}}],"line":15},"3":{"loc":{"start":{"line":16,"column":2},"end":{"line":19,"column":null}},"type":"if","locations":[{"start":{"line":16,"column":2},"end":{"line":19,"column":null}},{"start":{},"end":{}}],"line":16},"4":{"loc":{"start":{"line":16,"column":6},"end":{"line":16,"column":42}},"type":"binary-expr","locations":[{"start":{"line":16,"column":6},"end":{"line":16,"column":15}},{"start":{"line":16,"column":15},"end":{"line":16,"column":42}}],"line":16},"5":{"loc":{"start":{"line":46,"column":11},"end":{"line":46,"column":null}},"type":"binary-expr","locations":[{"start":{"line":46,"column":11},"end":{"line":46,"column":26}},{"start":{"line":46,"column":26},"end":{"line":46,"column":null}}],"line":46},"6":{"loc":{"start":{"line":59,"column":2},"end":{"line":61,"column":null}},"type":"if","locations":[{"start":{"line":59,"column":2},"end":{"line":61,"column":null}},{"start":{},"end":{}}],"line":59},"7":{"loc":{"start":{"line":70,"column":17},"end":{"line":70,"column":null}},"type":"cond-expr","locations":[{"start":{"line":70,"column":46},"end":{"line":70,"column":83}},{"start":{"line":70,"column":83},"end":{"line":70,"column":null}}],"line":70},"8":{"loc":{"start":{"line":71,"column":45},"end":{"line":71,"column":81}},"type":"binary-expr","locations":[{"start":{"line":71,"column":45},"end":{"line":71,"column":63}},{"start":{"line":71,"column":63},"end":{"line":71,"column":81}}],"line":71},"9":{"loc":{"start":{"line":78,"column":2},"end":{"line":83,"column":null}},"type":"if","locations":[{"start":{"line":78,"column":2},"end":{"line":83,"column":null}},{"start":{},"end":{}}],"line":78},"10":{"loc":{"start":{"line":89,"column":2},"end":{"line":94,"column":null}},"type":"if","locations":[{"start":{"line":89,"column":2},"end":{"line":94,"column":null}},{"start":{},"end":{}}],"line":89},"11":{"loc":{"start":{"line":93,"column":4},"end":{"line":94,"column":null}},"type":"if","locations":[{"start":{"line":93,"column":4},"end":{"line":94,"column":null}},{"start":{},"end":{}}],"line":93},"12":{"loc":{"start":{"line":102,"column":4},"end":{"line":103,"column":null}},"type":"if","locations":[{"start":{"line":102,"column":4},"end":{"line":103,"column":null}},{"start":{},"end":{}}],"line":102},"13":{"loc":{"start":{"line":102,"column":8},"end":{"line":102,"column":44}},"type":"binary-expr","locations":[{"start":{"line":102,"column":8},"end":{"line":102,"column":27}},{"start":{"line":102,"column":27},"end":{"line":102,"column":44}}],"line":102},"14":{"loc":{"start":{"line":109,"column":2},"end":{"line":110,"column":null}},"type":"if","locations":[{"start":{"line":109,"column":2},"end":{"line":110,"column":null}},{"start":{},"end":{}}],"line":109},"15":{"loc":{"start":{"line":116,"column":25},"end":{"line":118,"column":41}},"type":"cond-expr","locations":[{"start":{"line":117,"column":8},"end":{"line":117,"column":null}},{"start":{"line":118,"column":8},"end":{"line":118,"column":41}}],"line":116},"16":{"loc":{"start":{"line":120,"column":4},"end":{"line":122,"column":null}},"type":"if","locations":[{"start":{"line":120,"column":4},"end":{"line":122,"column":null}},{"start":{},"end":{}}],"line":120},"17":{"loc":{"start":{"line":128,"column":6},"end":{"line":134,"column":null}},"type":"if","locations":[{"start":{"line":128,"column":6},"end":{"line":134,"column":null}},{"start":{"line":132,"column":13},"end":{"line":134,"column":null}}],"line":128},"18":{"loc":{"start":{"line":139,"column":60},"end":{"line":139,"column":96}},"type":"binary-expr","locations":[{"start":{"line":139,"column":60},"end":{"line":139,"column":78}},{"start":{"line":139,"column":78},"end":{"line":139,"column":96}}],"line":139},"19":{"loc":{"start":{"line":151,"column":2},"end":{"line":167,"column":null}},"type":"if","locations":[{"start":{"line":151,"column":2},"end":{"line":167,"column":null}},{"start":{"line":161,"column":9},"end":{"line":167,"column":null}}],"line":151},"20":{"loc":{"start":{"line":159,"column":42},"end":{"line":159,"column":104}},"type":"binary-expr","locations":[{"start":{"line":159,"column":42},"end":{"line":159,"column":73}},{"start":{"line":159,"column":77},"end":{"line":159,"column":104}}],"line":159}},"s":{"0":87,"1":46,"2":0,"3":41,"4":41,"5":25,"6":25,"7":67,"8":0,"9":2,"10":2,"11":2,"12":2,"13":0,"14":11,"15":11,"16":11,"17":11,"18":11,"19":1,"20":1,"21":10,"22":10,"23":1,"24":1,"25":1,"26":1,"27":9,"28":9,"29":9,"30":2,"31":3,"32":3,"33":2,"34":7,"35":7,"36":2,"37":2,"38":2,"39":2,"40":1,"41":7,"42":7,"43":7,"44":7,"45":1,"46":7,"47":7,"48":7,"49":1,"50":7,"51":7,"52":3,"53":3,"54":1,"55":1,"56":2,"57":2,"58":2,"59":2,"60":1,"61":1,"62":1,"63":1,"64":0,"65":0,"66":7,"67":0,"68":0,"69":0,"70":0,"71":0,"72":0,"73":0,"74":0,"75":0,"76":0,"77":0,"78":0,"79":0,"80":0,"81":0,"82":0},"f":{"0":87,"1":0,"2":67,"3":2,"4":11,"5":7,"6":0},"b":{"0":[46,41],"1":[0,0,0],"2":[16,25],"3":[25,0],"4":[25,25],"5":[2,0],"6":[1,10],"7":[1,0],"8":[1,0],"9":[2,7],"10":[2,5],"11":[1,1],"12":[1,6],"13":[7,1],"14":[1,6],"15":[0,3],"16":[1,2],"17":[1,1],"18":[0,0],"19":[0,0],"20":[0,0]},"meta":{"lastBranch":21,"lastFunction":7,"lastStatement":83,"seen":{"f:9:9:9:24":0,"b:10:2:13:Infinity:undefined:undefined:undefined:undefined":0,"s:10:2:13:Infinity":0,"s:11:4:13:Infinity":1,"f:11:25:11:57":1,"s:12:6:12:Infinity":2,"b:12:13:12:34:12:34:12:46:12:46:12:Infinity":1,"b:15:2:15:Infinity:undefined:undefined:undefined:undefined":2,"s:15:2:15:Infinity":3,"s:15:28:15:Infinity":4,"b:16:2:19:Infinity:undefined:undefined:undefined:undefined":3,"s:16:2:19:Infinity":5,"b:16:6:16:15:16:15:16:42":4,"s:17:4:19:Infinity":6,"f:18:55:18:60":2,"s:18:71:18:93":7,"s:21:2:21:Infinity":8,"f:39:9:39:37":3,"s:40:2:48:Infinity":9,"s:41:20:43:Infinity":10,"s:45:16:45:60":11,"s:46:4:46:Infinity":12,"b:46:11:46:26:46:26:46:Infinity":5,"s:48:4:48:Infinity":13,"f:52:16:52:31":4,"s:53:27:53:29":14,"s:54:29:54:31":15,"s:55:18:55:Infinity":16,"s:58:19:58:43":17,"b:59:2:61:Infinity:undefined:undefined:undefined:undefined":6,"s:59:2:61:Infinity":18,"s:60:4:60:Infinity":19,"s:61:4:61:Infinity":20,"s:66:2:72:Infinity":21,"s:67:4:67:Infinity":22,"s:69:20:69:Infinity":23,"s:70:17:70:Infinity":24,"b:70:46:70:83:70:83:70:Infinity":7,"s:71:4:71:Infinity":25,"b:71:45:71:63:71:63:71:81":8,"s:72:4:72:Infinity":26,"s:76:19:76:38":27,"s:77:17:77:49":28,"b:78:2:83:Infinity:undefined:undefined:undefined:undefined":9,"s:78:2:83:Infinity":29,"s:79:4:81:Infinity":30,"s:80:22:80:42":31,"s:81:6:81:Infinity":32,"s:83:4:83:Infinity":33,"s:86:17:86:Infinity":34,"b:89:2:94:Infinity:undefined:undefined:undefined:undefined":10,"s:89:2:94:Infinity":35,"s:90:24:90:Infinity":36,"s:91:23:91:42":37,"s:92:21:92:Infinity":38,"b:93:4:94:Infinity:undefined:undefined:undefined:undefined":11,"s:93:4:94:Infinity":39,"s:94:6:94:Infinity":40,"s:97:2:97:Infinity":41,"s:98:2:98:Infinity":42,"s:101:2:103:Infinity":43,"b:102:4:103:Infinity:undefined:undefined:undefined:undefined":12,"s:102:4:103:Infinity":44,"b:102:8:102:27:102:27:102:44":13,"s:103:6:103:Infinity":45,"s:108:19:108:56":46,"f:108:41:108:45":5,"s:108:50:108:55":47,"b:109:2:110:Infinity:undefined:undefined:undefined:undefined":14,"s:109:2:110:Infinity":48,"s:110:4:110:Infinity":49,"s:114:20:114:42":50,"s:115:2:139:Infinity":51,"s:116:25:118:41":52,"b:117:8:117:Infinity:118:8:118:41":15,"b:120:4:122:Infinity:undefined:undefined:undefined:undefined":16,"s:120:4:122:Infinity":53,"s:121:6:121:Infinity":54,"s:122:6:122:Infinity":55,"s:125:4:139:Infinity":56,"s:126:22:126:70":57,"s:127:25:127:58":58,"b:128:6:134:Infinity:132:13:134:Infinity":17,"s:128:6:134:Infinity":59,"s:129:8:130:Infinity":60,"s:130:10:130:Infinity":61,"s:133:8:134:Infinity":62,"s:134:10:134:Infinity":63,"s:138:22:138:Infinity":64,"s:139:6:139:Infinity":65,"b:139:60:139:78:139:78:139:96":18,"s:143:2:143:Infinity":66,"f:146:22:146:38":6,"s:147:2:147:Infinity":67,"s:149:47:149:74":68,"b:151:2:167:Infinity:161:9:167:Infinity":19,"s:151:2:167:Infinity":69,"s:152:4:152:Infinity":70,"s:153:4:154:Infinity":71,"s:154:6:154:Infinity":72,"s:156:4:156:Infinity":73,"s:157:4:157:Infinity":74,"s:158:4:158:Infinity":75,"s:159:4:159:Infinity":76,"b:159:42:159:73:159:77:159:104":20,"s:160:4:160:Infinity":77,"s:162:4:162:Infinity":78,"s:163:4:164:Infinity":79,"s:164:6:164:Infinity":80,"s:166:4:166:Infinity":81,"s:167:4:167:Infinity":82}}}
,"/Users/Vera/.openclaw/workspace/verdict-fork/src/core/config.ts": {"path":"/Users/Vera/.openclaw/workspace/verdict-fork/src/core/config.ts","statementMap":{"0":{"start":{"line":7,"column":2},"end":{"line":10,"column":null}},"1":{"start":{"line":8,"column":4},"end":{"line":10,"column":null}},"2":{"start":{"line":9,"column":6},"end":{"line":9,"column":null}},"3":{"start":{"line":12,"column":2},"end":{"line":12,"column":null}},"4":{"start":{"line":12,"column":28},"end":{"line":12,"column":null}},"5":{"start":{"line":13,"column":2},"end":{"line":16,"column":null}},"6":{"start":{"line":14,"column":4},"end":{"line":16,"column":null}},"7":{"start":{"line":15,"column":71},"end":{"line":15,"column":93}},"8":{"start":{"line":18,"column":2},"end":{"line":18,"column":null}},"9":{"start":{"line":23,"column":2},"end":{"line":33,"column":null}},"10":{"start":{"line":24,"column":4},"end":{"line":26,"column":null}},"11":{"start":{"line":25,"column":19},"end":{"line":25,"column":null}},"12":{"start":{"line":26,"column":6},"end":{"line":26,"column":null}},"13":{"start":{"line":28,"column":4},"end":{"line":30,"column":null}},"14":{"start":{"line":29,"column":19},"end":{"line":29,"column":null}},"15":{"start":{"line":30,"column":6},"end":{"line":30,"column":null}},"16":{"start":{"line":32,"column":4},"end":{"line":32,"column":null}},"17":{"start":{"line":34,"column":2},"end":{"line":34,"column":null}},"18":{"start":{"line":38,"column":19},"end":{"line":38,"column":43}},"19":{"start":{"line":39,"column":2},"end":{"line":40,"column":null}},"20":{"start":{"line":40,"column":4},"end":{"line":40,"column":null}},"21":{"start":{"line":42,"column":14},"end":{"line":42,"column":58}},"22":{"start":{"line":43,"column":19},"end":{"line":43,"column":38}},"23":{"start":{"line":44,"column":17},"end":{"line":44,"column":49}},"24":{"start":{"line":45,"column":2},"end":{"line":47,"column":null}},"25":{"start":{"line":46,"column":19},"end":{"line":46,"column":97}},"26":{"start":{"line":46,"column":48},"end":{"line":46,"column":86}},"27":{"start":{"line":47,"column":4},"end":{"line":47,"column":null}},"28":{"start":{"line":49,"column":2},"end":{"line":49,"column":null}},"29":{"start":{"line":53,"column":19},"end":{"line":55,"column":39}},"30":{"start":{"line":56,"column":2},"end":{"line":57,"column":null}},"31":{"start":{"line":57,"column":4},"end":{"line":57,"column":null}},"32":{"start":{"line":59,"column":14},"end":{"line":59,"column":58}},"33":{"start":{"line":60,"column":17},"end":{"line":60,"column":46}},"34":{"start":{"line":61,"column":2},"end":{"line":63,"column":null}},"35":{"start":{"line":62,"column":19},"end":{"line":62,"column":97}},"36":{"start":{"line":62,"column":48},"end":{"line":62,"column":86}},"37":{"start":{"line":63,"column":4},"end":{"line":63,"column":null}},"38":{"start":{"line":66,"column":15},"end":{"line":66,"column":null}},"39":{"start":{"line":67,"column":18},"end":{"line":67,"column":40}},"40":{"start":{"line":70,"column":2},"end":{"line":72,"column":null}},"41":{"start":{"line":71,"column":23},"end":{"line":71,"column":73}},"42":{"start":{"line":72,"column":4},"end":{"line":72,"column":null}},"43":{"start":{"line":76,"column":2},"end":{"line":77,"column":null}},"44":{"start":{"line":77,"column":4},"end":{"line":77,"column":null}},"45":{"start":{"line":81,"column":2},"end":{"line":83,"column":null}},"46":{"start":{"line":82,"column":4},"end":{"line":83,"column":null}},"47":{"start":{"line":83,"column":6},"end":{"line":83,"column":null}},"48":{"start":{"line":87,"column":2},"end":{"line":87,"column":null}},"49":{"start":{"line":95,"column":22},"end":{"line":97,"column":40}},"50":{"start":{"line":99,"column":2},"end":{"line":100,"column":null}},"51":{"start":{"line":100,"column":4},"end":{"line":100,"column":null}},"52":{"start":{"line":103,"column":18},"end":{"line":103,"column":54}},"53":{"start":{"line":104,"column":16},"end":{"line":104,"column":70}},"54":{"start":{"line":104,"column":51},"end":{"line":104,"column":70}},"55":{"start":{"line":105,"column":35},"end":{"line":105,"column":37}},"56":{"start":{"line":107,"column":2},"end":{"line":129,"column":null}},"57":{"start":{"line":107,"column":15},"end":{"line":107,"column":18}},"58":{"start":{"line":109,"column":4},"end":{"line":112,"column":null}},"59":{"start":{"line":110,"column":6},"end":{"line":110,"column":null}},"60":{"start":{"line":112,"column":6},"end":{"line":112,"column":null}},"61":{"start":{"line":116,"column":21},"end":{"line":116,"column":null}},"62":{"start":{"line":117,"column":4},"end":{"line":118,"column":null}},"63":{"start":{"line":118,"column":6},"end":{"line":118,"column":null}},"64":{"start":{"line":120,"column":4},"end":{"line":121,"column":null}},"65":{"start":{"line":121,"column":6},"end":{"line":121,"column":null}},"66":{"start":{"line":124,"column":23},"end":{"line":124,"column":57}},"67":{"start":{"line":125,"column":4},"end":{"line":127,"column":null}},"68":{"start":{"line":126,"column":21},"end":{"line":126,"column":103}},"69":{"start":{"line":126,"column":54},"end":{"line":126,"column":92}},"70":{"start":{"line":127,"column":6},"end":{"line":127,"column":null}},"71":{"start":{"line":129,"column":4},"end":{"line":129,"column":null}},"72":{"start":{"line":132,"column":2},"end":{"line":132,"column":null}}},"fnMap":{"0":{"name":"resolveEnvVars","decl":{"start":{"line":6,"column":9},"end":{"line":6,"column":24}},"loc":{"start":{"line":6,"column":49},"end":{"line":18,"column":null}},"line":6},"1":{"name":"(anonymous_1)","decl":{"start":{"line":8,"column":25},"end":{"line":8,"column":57}},"loc":{"start":{"line":8,"column":79},"end":{"line":10,"column":null}},"line":8},"2":{"name":"(anonymous_2)","decl":{"start":{"line":15,"column":55},"end":{"line":15,"column":60}},"loc":{"start":{"line":15,"column":71},"end":{"line":15,"column":93}},"line":15},"3":{"name":"normalizeModels","decl":{"start":{"line":22,"column":9},"end":{"line":22,"column":25}},"loc":{"start":{"line":22,"column":49},"end":{"line":34,"column":null}},"line":22},"4":{"name":"(anonymous_4)","decl":{"start":{"line":23,"column":32},"end":{"line":23,"column":36}},"loc":{"start":{"line":23,"column":41},"end":{"line":33,"column":null}},"line":23},"5":{"name":"loadConfig","decl":{"start":{"line":37,"column":16},"end":{"line":37,"column":27}},"loc":{"start":{"line":37,"column":55},"end":{"line":49,"column":null}},"line":37},"6":{"name":"(anonymous_6)","decl":{"start":{"line":46,"column":39},"end":{"line":46,"column":43}},"loc":{"start":{"line":46,"column":48},"end":{"line":46,"column":86}},"line":46},"7":{"name":"loadEvalPack","decl":{"start":{"line":52,"column":16},"end":{"line":52,"column":29}},"loc":{"start":{"line":52,"column":76},"end":{"line":87,"column":null}},"line":52},"8":{"name":"(anonymous_8)","decl":{"start":{"line":62,"column":39},"end":{"line":62,"column":43}},"loc":{"start":{"line":62,"column":48},"end":{"line":62,"column":86}},"line":62},"9":{"name":"loadJsonlSamples","decl":{"start":{"line":90,"column":9},"end":{"line":90,"column":null}},"loc":{"start":{"line":94,"column":21},"end":{"line":132,"column":null}},"line":94},"10":{"name":"(anonymous_10)","decl":{"start":{"line":104,"column":36},"end":{"line":104,"column":43}},"loc":{"start":{"line":104,"column":51},"end":{"line":104,"column":70}},"line":104},"11":{"name":"(anonymous_11)","decl":{"start":{"line":126,"column":45},"end":{"line":126,"column":49}},"loc":{"start":{"line":126,"column":54},"end":{"line":126,"column":92}},"line":126}},"branchMap":{"0":{"loc":{"start":{"line":7,"column":2},"end":{"line":10,"column":null}},"type":"if","locations":[{"start":{"line":7,"column":2},"end":{"line":10,"column":null}},{"start":{},"end":{}}],"line":7},"1":{"loc":{"start":{"line":9,"column":13},"end":{"line":9,"column":null}},"type":"binary-expr","locations":[{"start":{"line":9,"column":13},"end":{"line":9,"column":34}},{"start":{"line":9,"column":34},"end":{"line":9,"column":46}},{"start":{"line":9,"column":46},"end":{"line":9,"column":null}}],"line":9},"2":{"loc":{"start":{"line":12,"column":2},"end":{"line":12,"column":null}},"type":"if","locations":[{"start":{"line":12,"column":2},"end":{"line":12,"column":null}},{"start":{},"end":{}}],"line":12},"3":{"loc":{"start":{"line":13,"column":2},"end":{"line":16,"column":null}},"type":"if","locations":[{"start":{"line":13,"column":2},"end":{"line":16,"column":null}},{"start":{},"end":{}}],"line":13},"4":{"loc":{"start":{"line":13,"column":6},"end":{"line":13,"column":42}},"type":"binary-expr","locations":[{"start":{"line":13,"column":6},"end":{"line":13,"column":15}},{"start":{"line":13,"column":15},"end":{"line":13,"column":42}}],"line":13},"5":{"loc":{"start":{"line":24,"column":4},"end":{"line":26,"column":null}},"type":"if","locations":[{"start":{"line":24,"column":4},"end":{"line":26,"column":null}},{"start":{},"end":{}}],"line":24},"6":{"loc":{"start":{"line":25,"column":19},"end":{"line":25,"column":null}},"type":"binary-expr","locations":[{"start":{"line":25,"column":19},"end":{"line":25,"column":29}},{"start":{"line":25,"column":29},"end":{"line":25,"column":59}},{"start":{"line":25,"column":59},"end":{"line":25,"column":null}}],"line":25},"7":{"loc":{"start":{"line":28,"column":4},"end":{"line":30,"column":null}},"type":"if","locations":[{"start":{"line":28,"column":4},"end":{"line":30,"column":null}},{"start":{},"end":{}}],"line":28},"8":{"loc":{"start":{"line":29,"column":19},"end":{"line":29,"column":null}},"type":"binary-expr","locations":[{"start":{"line":29,"column":19},"end":{"line":29,"column":29}},{"start":{"line":29,"column":29},"end":{"line":29,"column":60}},{"start":{"line":29,"column":64},"end":{"line":29,"column":null}}],"line":29},"9":{"loc":{"start":{"line":39,"column":2},"end":{"line":40,"column":null}},"type":"if","locations":[{"start":{"line":39,"column":2},"end":{"line":40,"column":null}},{"start":{},"end":{}}],"line":39},"10":{"loc":{"start":{"line":45,"column":2},"end":{"line":47,"column":null}},"type":"if","locations":[{"start":{"line":45,"column":2},"end":{"line":47,"column":null}},{"start":{},"end":{}}],"line":45},"11":{"loc":{"start":{"line":53,"column":19},"end":{"line":55,"column":39}},"type":"cond-expr","locations":[{"start":{"line":54,"column":6},"end":{"line":54,"column":null}},{"start":{"line":55,"column":6},"end":{"line":55,"column":39}}],"line":53},"12":{"loc":{"start":{"line":56,"column":2},"end":{"line":57,"column":null}},"type":"if","locations":[{"start":{"line":56,"column":2},"end":{"line":57,"column":null}},{"start":{},"end":{}}],"line":56},"13":{"loc":{"start":{"line":61,"column":2},"end":{"line":63,"column":null}},"type":"if","locations":[{"start":{"line":61,"column":2},"end":{"line":63,"column":null}},{"start":{},"end":{}}],"line":61},"14":{"loc":{"start":{"line":70,"column":2},"end":{"line":72,"column":null}},"type":"if","locations":[{"start":{"line":70,"column":2},"end":{"line":72,"column":null}},{"start":{},"end":{}}],"line":70},"15":{"loc":{"start":{"line":76,"column":2},"end":{"line":77,"column":null}},"type":"if","locations":[{"start":{"line":76,"column":2},"end":{"line":77,"column":null}},{"start":{},"end":{}}],"line":76},"16":{"loc":{"start":{"line":82,"column":4},"end":{"line":83,"column":null}},"type":"if","locations":[{"start":{"line":82,"column":4},"end":{"line":83,"column":null}},{"start":{},"end":{}}],"line":82},"17":{"loc":{"start":{"line":82,"column":8},"end":{"line":82,"column":105}},"type":"binary-expr","locations":[{"start":{"line":82,"column":8},"end":{"line":82,"column":26}},{"start":{"line":82,"column":26},"end":{"line":82,"column":63}},{"start":{"line":82,"column":67},"end":{"line":82,"column":105}}],"line":82},"18":{"loc":{"start":{"line":95,"column":22},"end":{"line":97,"column":40}},"type":"cond-expr","locations":[{"start":{"line":96,"column":6},"end":{"line":96,"column":null}},{"start":{"line":97,"column":6},"end":{"line":97,"column":40}}],"line":95},"19":{"loc":{"start":{"line":99,"column":2},"end":{"line":100,"column":null}},"type":"if","locations":[{"start":{"line":99,"column":2},"end":{"line":100,"column":null}},{"start":{},"end":{}}],"line":99},"20":{"loc":{"start":{"line":117,"column":4},"end":{"line":118,"column":null}},"type":"if","locations":[{"start":{"line":117,"column":4},"end":{"line":118,"column":null}},{"start":{},"end":{}}],"line":117},"21":{"loc":{"start":{"line":117,"column":8},"end":{"line":117,"column":57}},"type":"binary-expr","locations":[{"start":{"line":117,"column":8},"end":{"line":117,"column":23}},{"start":{"line":117,"column":23},"end":{"line":117,"column":57}}],"line":117},"22":{"loc":{"start":{"line":120,"column":4},"end":{"line":121,"column":null}},"type":"if","locations":[{"start":{"line":120,"column":4},"end":{"line":121,"column":null}},{"start":{},"end":{}}],"line":120},"23":{"loc":{"start":{"line":120,"column":8},"end":{"line":120,"column":61}},"type":"binary-expr","locations":[{"start":{"line":120,"column":8},"end":{"line":120,"column":25}},{"start":{"line":120,"column":25},"end":{"line":120,"column":61}}],"line":120},"24":{"loc":{"start":{"line":125,"column":4},"end":{"line":127,"column":null}},"type":"if","locations":[{"start":{"line":125,"column":4},"end":{"line":127,"column":null}},{"start":{},"end":{}}],"line":125}},"s":{"0":53,"1":27,"2":2,"3":26,"4":26,"5":20,"6":20,"7":40,"8":0,"9":6,"10":6,"11":1,"12":1,"13":5,"14":1,"15":1,"16":4,"17":6,"18":9,"19":9,"20":2,"21":7,"22":7,"23":7,"24":7,"25":1,"26":1,"27":1,"28":6,"29":20,"30":20,"31":2,"32":18,"33":18,"34":18,"35":1,"36":1,"37":1,"38":17,"39":17,"40":17,"41":11,"42":11,"43":14,"44":1,"45":13,"46":18,"47":2,"48":13,"49":11,"50":11,"51":1,"52":10,"53":10,"54":15,"55":10,"56":10,"57":10,"58":13,"59":13,"60":1,"61":12,"62":12,"63":3,"64":12,"65":1,"66":12,"67":12,"68":1,"69":1,"70":1,"71":11,"72":11},"f":{"0":53,"1":2,"2":40,"3":6,"4":6,"5":9,"6":1,"7":20,"8":1,"9":11,"10":15,"11":1},"b":{"0":[27,26],"1":[2,1,0],"2":[6,20],"3":[20,0],"4":[20,20],"5":[1,5],"6":[1,1,1],"7":[1,4],"8":[1,0,0],"9":[2,7],"10":[1,6],"11":[19,1],"12":[2,18],"13":[1,17],"14":[11,6],"15":[1,13],"16":[2,16],"17":[18,3,3],"18":[1,10],"19":[1,10],"20":[3,9],"21":[12,4],"22":[1,11],"23":[12,5],"24":[1,11]},"meta":{"lastBranch":25,"lastFunction":12,"lastStatement":73,"seen":{"f:6:9:6:24":0,"b:7:2:10:Infinity:undefined:undefined:undefined:undefined":0,"s:7:2:10:Infinity":0,"s:8:4:10:Infinity":1,"f:8:25:8:57":1,"s:9:6:9:Infinity":2,"b:9:13:9:34:9:34:9:46:9:46:9:Infinity":1,"b:12:2:12:Infinity:undefined:undefined:undefined:undefined":2,"s:12:2:12:Infinity":3,"s:12:28:12:Infinity":4,"b:13:2:16:Infinity:undefined:undefined:undefined:undefined":3,"s:13:2:16:Infinity":5,"b:13:6:13:15:13:15:13:42":4,"s:14:4:16:Infinity":6,"f:15:55:15:60":2,"s:15:71:15:93":7,"s:18:2:18:Infinity":8,"f:22:9:22:25":3,"s:23:2:33:Infinity":9,"f:23:32:23:36":4,"b:24:4:26:Infinity:undefined:undefined:undefined:undefined":5,"s:24:4:26:Infinity":10,"s:25:19:25:Infinity":11,"b:25:19:25:29:25:29:25:59:25:59:25:Infinity":6,"s:26:6:26:Infinity":12,"b:28:4:30:Infinity:undefined:undefined:undefined:undefined":7,"s:28:4:30:Infinity":13,"s:29:19:29:Infinity":14,"b:29:19:29:29:29:29:29:60:29:64:29:Infinity":8,"s:30:6:30:Infinity":15,"s:32:4:32:Infinity":16,"s:34:2:34:Infinity":17,"f:37:16:37:27":5,"s:38:19:38:43":18,"b:39:2:40:Infinity:undefined:undefined:undefined:undefined":9,"s:39:2:40:Infinity":19,"s:40:4:40:Infinity":20,"s:42:14:42:58":21,"s:43:19:43:38":22,"s:44:17:44:49":23,"b:45:2:47:Infinity:undefined:undefined:undefined:undefined":10,"s:45:2:47:Infinity":24,"s:46:19:46:97":25,"f:46:39:46:43":6,"s:46:48:46:86":26,"s:47:4:47:Infinity":27,"s:49:2:49:Infinity":28,"f:52:16:52:29":7,"s:53:19:55:39":29,"b:54:6:54:Infinity:55:6:55:39":11,"b:56:2:57:Infinity:undefined:undefined:undefined:undefined":12,"s:56:2:57:Infinity":30,"s:57:4:57:Infinity":31,"s:59:14:59:58":32,"s:60:17:60:46":33,"b:61:2:63:Infinity:undefined:undefined:undefined:undefined":13,"s:61:2:63:Infinity":34,"s:62:19:62:97":35,"f:62:39:62:43":8,"s:62:48:62:86":36,"s:63:4:63:Infinity":37,"s:66:15:66:Infinity":38,"s:67:18:67:40":39,"b:70:2:72:Infinity:undefined:undefined:undefined:undefined":14,"s:70:2:72:Infinity":40,"s:71:23:71:73":41,"s:72:4:72:Infinity":42,"b:76:2:77:Infinity:undefined:undefined:undefined:undefined":15,"s:76:2:77:Infinity":43,"s:77:4:77:Infinity":44,"s:81:2:83:Infinity":45,"b:82:4:83:Infinity:undefined:undefined:undefined:undefined":16,"s:82:4:83:Infinity":46,"b:82:8:82:26:82:26:82:63:82:67:82:105":17,"s:83:6:83:Infinity":47,"s:87:2:87:Infinity":48,"f:90:9:90:Infinity":9,"s:95:22:97:40":49,"b:96:6:96:Infinity:97:6:97:40":18,"b:99:2:100:Infinity:undefined:undefined:undefined:undefined":19,"s:99:2:100:Infinity":50,"s:100:4:100:Infinity":51,"s:103:18:103:54":52,"s:104:16:104:70":53,"f:104:36:104:43":10,"s:104:51:104:70":54,"s:105:35:105:37":55,"s:107:2:129:Infinity":56,"s:107:15:107:18":57,"s:109:4:112:Infinity":58,"s:110:6:110:Infinity":59,"s:112:6:112:Infinity":60,"s:116:21:116:Infinity":61,"b:117:4:118:Infinity:undefined:undefined:undefined:undefined":20,"s:117:4:118:Infinity":62,"b:117:8:117:23:117:23:117:57":21,"s:118:6:118:Infinity":63,"b:120:4:121:Infinity:undefined:undefined:undefined:undefined":22,"s:120:4:121:Infinity":64,"b:120:8:120:25:120:25:120:61":23,"s:121:6:121:Infinity":65,"s:124:23:124:57":66,"b:125:4:127:Infinity:undefined:undefined:undefined:undefined":24,"s:125:4:127:Infinity":67,"s:126:21:126:103":68,"f:126:45:126:49":11,"s:126:54:126:92":69,"s:127:6:127:Infinity":70,"s:129:4:129:Infinity":71,"s:132:2:132:Infinity":72}}}
,"/Users/Vera/.openclaw/workspace/verdict-fork/src/core/hardware.ts": {"path":"/Users/Vera/.openclaw/workspace/verdict-fork/src/core/hardware.ts","statementMap":{"0":{"start":{"line":19,"column":19},"end":{"line":19,"column":32}},"1":{"start":{"line":20,"column":15},"end":{"line":20,"column":24}},"2":{"start":{"line":21,"column":19},"end":{"line":21,"column":null}},"3":{"start":{"line":22,"column":19},"end":{"line":22,"column":32}},"4":{"start":{"line":23,"column":16},"end":{"line":23,"column":50}},"5":{"start":{"line":25,"column":12},"end":{"line":25,"column":null}},"6":{"start":{"line":26,"column":18},"end":{"line":26,"column":30}},"7":{"start":{"line":30,"column":2},"end":{"line":48,"column":null}},"8":{"start":{"line":31,"column":4},"end":{"line":48,"column":null}},"9":{"start":{"line":33,"column":12},"end":{"line":33,"column":97}},"10":{"start":{"line":34,"column":6},"end":{"line":34,"column":null}},"11":{"start":{"line":34,"column":18},"end":{"line":34,"column":null}},"12":{"start":{"line":37,"column":12},"end":{"line":37,"column":86}},"13":{"start":{"line":38,"column":6},"end":{"line":38,"column":null}},"14":{"start":{"line":38,"column":18},"end":{"line":38,"column":null}},"15":{"start":{"line":41,"column":6},"end":{"line":45,"column":null}},"16":{"start":{"line":42,"column":14},"end":{"line":42,"column":123}},"17":{"start":{"line":43,"column":22},"end":{"line":43,"column":58}},"18":{"start":{"line":44,"column":8},"end":{"line":44,"column":null}},"19":{"start":{"line":44,"column":19},"end":{"line":44,"column":null}},"20":{"start":{"line":54,"column":23},"end":{"line":56,"column":null}},"21":{"start":{"line":58,"column":2},"end":{"line":67,"column":null}},"22":{"start":{"line":74,"column":16},"end":{"line":79,"column":null}},"23":{"start":{"line":81,"column":2},"end":{"line":82,"column":null}},"24":{"start":{"line":82,"column":4},"end":{"line":82,"column":null}},"25":{"start":{"line":85,"column":2},"end":{"line":85,"column":null}},"26":{"start":{"line":100,"column":2},"end":{"line":108,"column":null}}},"fnMap":{"0":{"name":"detectHardware","decl":{"start":{"line":18,"column":16},"end":{"line":18,"column":47}},"loc":{"start":{"line":18,"column":47},"end":{"line":67,"column":null}},"line":18},"1":{"name":"getHardwareSummary","decl":{"start":{"line":73,"column":16},"end":{"line":73,"column":35}},"loc":{"start":{"line":73,"column":61},"end":{"line":85,"column":null}},"line":73},"2":{"name":"toRunResultFormat","decl":{"start":{"line":91,"column":16},"end":{"line":91,"column":34}},"loc":{"start":{"line":99,"column":2},"end":{"line":108,"column":null}},"line":99}},"branchMap":{"0":{"loc":{"start":{"line":25,"column":12},"end":{"line":25,"column":null}},"type":"binary-expr","locations":[{"start":{"line":25,"column":12},"end":{"line":25,"column":35}},{"start":{"line":25,"column":35},"end":{"line":25,"column":null}}],"line":25},"1":{"loc":{"start":{"line":30,"column":2},"end":{"line":48,"column":null}},"type":"if","locations":[{"start":{"line":30,"column":2},"end":{"line":48,"column":null}},{"start":{},"end":{}}],"line":30},"2":{"loc":{"start":{"line":34,"column":6},"end":{"line":34,"column":null}},"type":"if","locations":[{"start":{"line":34,"column":6},"end":{"line":34,"column":null}},{"start":{},"end":{}}],"line":34},"3":{"loc":{"start":{"line":38,"column":6},"end":{"line":38,"column":null}},"type":"if","locations":[{"start":{"line":38,"column":6},"end":{"line":38,"column":null}},{"start":{},"end":{}}],"line":38},"4":{"loc":{"start":{"line":44,"column":8},"end":{"line":44,"column":null}},"type":"if","locations":[{"start":{"line":44,"column":8},"end":{"line":44,"column":null}},{"start":{},"end":{}}],"line":44},"5":{"loc":{"start":{"line":54,"column":23},"end":{"line":56,"column":null}},"type":"cond-expr","locations":[{"start":{"line":55,"column":6},"end":{"line":55,"column":null}},{"start":{"line":56,"column":6},"end":{"line":56,"column":null}}],"line":54},"6":{"loc":{"start":{"line":64,"column":8},"end":{"line":64,"column":null}},"type":"cond-expr","locations":[{"start":{"line":64,"column":32},"end":{"line":64,"column":42}},{"start":{"line":64,"column":42},"end":{"line":64,"column":null}}],"line":64},"7":{"loc":{"start":{"line":64,"column":42},"end":{"line":64,"column":null}},"type":"cond-expr","locations":[{"start":{"line":64,"column":65},"end":{"line":64,"column":75}},{"start":{"line":64,"column":75},"end":{"line":64,"column":null}}],"line":64},"8":{"loc":{"start":{"line":64,"column":75},"end":{"line":64,"column":null}},"type":"cond-expr","locations":[{"start":{"line":64,"column":98},"end":{"line":64,"column":110}},{"start":{"line":64,"column":110},"end":{"line":64,"column":null}}],"line":64},"9":{"loc":{"start":{"line":81,"column":2},"end":{"line":82,"column":null}},"type":"if","locations":[{"start":{"line":81,"column":2},"end":{"line":82,"column":null}},{"start":{},"end":{}}],"line":81}},"s":{"0":10,"1":10,"2":10,"3":10,"4":10,"5":10,"6":10,"7":10,"8":10,"9":10,"10":10,"11":0,"12":0,"13":0,"14":0,"15":0,"16":0,"17":0,"18":0,"19":0,"20":10,"21":10,"22":0,"23":0,"24":0,"25":0,"26":10},"f":{"0":10,"1":0,"2":10},"b":{"0":[10,0],"1":[10,0],"2":[0,10],"3":[0,0],"4":[0,0],"5":[0,10],"6":[10,0],"7":[0,0],"8":[0,0],"9":[0,0]},"meta":{"lastBranch":10,"lastFunction":3,"lastStatement":27,"seen":{"f:18:16:18:47":0,"s:19:19:19:32":0,"s:20:15:20:24":1,"s:21:19:21:Infinity":2,"s:22:19:22:32":3,"s:23:16:23:50":4,"s:25:12:25:Infinity":5,"b:25:12:25:35:25:35:25:Infinity":0,"s:26:18:26:30":6,"b:30:2:48:Infinity:undefined:undefined:undefined:undefined":1,"s:30:2:48:Infinity":7,"s:31:4:48:Infinity":8,"s:33:12:33:97":9,"b:34:6:34:Infinity:undefined:undefined:undefined:undefined":2,"s:34:6:34:Infinity":10,"s:34:18:34:Infinity":11,"s:37:12:37:86":12,"b:38:6:38:Infinity:undefined:undefined:undefined:undefined":3,"s:38:6:38:Infinity":13,"s:38:18:38:Infinity":14,"s:41:6:45:Infinity":15,"s:42:14:42:123":16,"s:43:22:43:58":17,"b:44:8:44:Infinity:undefined:undefined:undefined:undefined":4,"s:44:8:44:Infinity":18,"s:44:19:44:Infinity":19,"s:54:23:56:Infinity":20,"b:55:6:55:Infinity:56:6:56:Infinity":5,"s:58:2:67:Infinity":21,"b:64:32:64:42:64:42:64:Infinity":6,"b:64:65:64:75:64:75:64:Infinity":7,"b:64:98:64:110:64:110:64:Infinity":8,"f:73:16:73:35":1,"s:74:16:79:Infinity":22,"b:81:2:82:Infinity:undefined:undefined:undefined:undefined":9,"s:81:2:82:Infinity":23,"s:82:4:82:Infinity":24,"s:85:2:85:Infinity":25,"f:91:16:91:34":2,"s:100:2:108:Infinity":26}}}
,"/Users/Vera/.openclaw/workspace/verdict-fork/src/core/preload.ts": {"path":"/Users/Vera/.openclaw/workspace/verdict-fork/src/core/preload.ts","statementMap":{"0":{"start":{"line":18,"column":2},"end":{"line":18,"column":null}},"1":{"start":{"line":28,"column":16},"end":{"line":28,"column":26}},"2":{"start":{"line":30,"column":2},"end":{"line":51,"column":null}},"3":{"start":{"line":33,"column":4},"end":{"line":36,"column":null}},"4":{"start":{"line":38,"column":21},"end":{"line":38,"column":null}},"5":{"start":{"line":39,"column":4},"end":{"line":43,"column":null}},"6":{"start":{"line":45,"column":21},"end":{"line":45,"column":null}},"7":{"start":{"line":46,"column":4},"end":{"line":51,"column":null}},"8":{"start":{"line":63,"column":23},"end":{"line":63,"column":50}},"9":{"start":{"line":65,"column":2},"end":{"line":69,"column":null}},"10":{"start":{"line":66,"column":4},"end":{"line":67,"column":null}},"11":{"start":{"line":67,"column":6},"end":{"line":67,"column":null}},"12":{"start":{"line":69,"column":4},"end":{"line":69,"column":null}},"13":{"start":{"line":72,"column":2},"end":{"line":72,"column":null}},"14":{"start":{"line":73,"column":2},"end":{"line":73,"column":null}},"15":{"start":{"line":75,"column":35},"end":{"line":75,"column":37}},"16":{"start":{"line":78,"column":2},"end":{"line":86,"column":null}},"17":{"start":{"line":79,"column":19},"end":{"line":79,"column":53}},"18":{"start":{"line":80,"column":4},"end":{"line":80,"column":null}},"19":{"start":{"line":82,"column":4},"end":{"line":86,"column":null}},"20":{"start":{"line":83,"column":12},"end":{"line":83,"column":null}},"21":{"start":{"line":84,"column":6},"end":{"line":84,"column":null}},"22":{"start":{"line":86,"column":6},"end":{"line":86,"column":null}},"23":{"start":{"line":91,"column":21},"end":{"line":91,"column":null}},"24":{"start":{"line":91,"column":41},"end":{"line":91,"column":51}},"25":{"start":{"line":92,"column":20},"end":{"line":92,"column":null}},"26":{"start":{"line":92,"column":47},"end":{"line":92,"column":65}},"27":{"start":{"line":94,"column":2},"end":{"line":94,"column":null}},"28":{"start":{"line":95,"column":2},"end":{"line":117,"column":null}},"29":{"start":{"line":96,"column":4},"end":{"line":96,"column":null}},"30":{"start":{"line":98,"column":19},"end":{"line":98,"column":null}},"31":{"start":{"line":99,"column":4},"end":{"line":99,"column":null}},"32":{"start":{"line":102,"column":27},"end":{"line":105,"column":null}},"33":{"start":{"line":102,"column":47},"end":{"line":105,"column":null}},"34":{"start":{"line":108,"column":4},"end":{"line":117,"column":null}},"35":{"start":{"line":109,"column":6},"end":{"line":109,"column":null}},"36":{"start":{"line":110,"column":6},"end":{"line":110,"column":null}},"37":{"start":{"line":111,"column":6},"end":{"line":112,"column":null}},"38":{"start":{"line":112,"column":8},"end":{"line":112,"column":null}},"39":{"start":{"line":114,"column":6},"end":{"line":114,"column":null}},"40":{"start":{"line":115,"column":6},"end":{"line":115,"column":null}},"41":{"start":{"line":116,"column":6},"end":{"line":116,"column":null}},"42":{"start":{"line":117,"column":6},"end":{"line":117,"column":null}},"43":{"start":{"line":121,"column":2},"end":{"line":121,"column":null}},"44":{"start":{"line":122,"column":2},"end":{"line":122,"column":null}}},"fnMap":{"0":{"name":"needsPreload","decl":{"start":{"line":15,"column":16},"end":{"line":15,"column":29}},"loc":{"start":{"line":15,"column":58},"end":{"line":18,"column":null}},"line":15},"1":{"name":"preloadModel","decl":{"start":{"line":24,"column":22},"end":{"line":24,"column":null}},"loc":{"start":{"line":27,"column":26},"end":{"line":51,"column":null}},"line":27},"2":{"name":"preloadModels","decl":{"start":{"line":58,"column":22},"end":{"line":58,"column":null}},"loc":{"start":{"line":61,"column":28},"end":{"line":122,"column":null}},"line":61},"3":{"name":"(anonymous_3)","decl":{"start":{"line":91,"column":29},"end":{"line":91,"column":36}},"loc":{"start":{"line":91,"column":41},"end":{"line":91,"column":51}},"line":91},"4":{"name":"(anonymous_4)","decl":{"start":{"line":92,"column":28},"end":{"line":92,"column":36}},"loc":{"start":{"line":92,"column":47},"end":{"line":92,"column":65}},"line":92},"5":{"name":"(anonymous_5)","decl":{"start":{"line":102,"column":35},"end":{"line":102,"column":42}},"loc":{"start":{"line":102,"column":47},"end":{"line":105,"column":null}},"line":102}},"branchMap":{"0":{"loc":{"start":{"line":26,"column":2},"end":{"line":26,"column":null}},"type":"default-arg","locations":[{"start":{"line":26,"column":21},"end":{"line":26,"column":null}}],"line":26},"1":{"loc":{"start":{"line":50,"column":13},"end":{"line":50,"column":null}},"type":"binary-expr","locations":[{"start":{"line":50,"column":13},"end":{"line":50,"column":28}},{"start":{"line":50,"column":28},"end":{"line":50,"column":null}}],"line":50},"2":{"loc":{"start":{"line":60,"column":2},"end":{"line":60,"column":null}},"type":"default-arg","locations":[{"start":{"line":60,"column":21},"end":{"line":60,"column":null}}],"line":60},"3":{"loc":{"start":{"line":65,"column":2},"end":{"line":69,"column":null}},"type":"if","locations":[{"start":{"line":65,"column":2},"end":{"line":69,"column":null}},{"start":{},"end":{}}],"line":65},"4":{"loc":{"start":{"line":66,"column":4},"end":{"line":67,"column":null}},"type":"if","locations":[{"start":{"line":66,"column":4},"end":{"line":67,"column":null}},{"start":{},"end":{}}],"line":66},"5":{"loc":{"start":{"line":82,"column":4},"end":{"line":86,"column":null}},"type":"if","locations":[{"start":{"line":82,"column":4},"end":{"line":86,"column":null}},{"start":{"line":85,"column":11},"end":{"line":86,"column":null}}],"line":82},"6":{"loc":{"start":{"line":95,"column":2},"end":{"line":117,"column":null}},"type":"if","locations":[{"start":{"line":95,"column":2},"end":{"line":117,"column":null}},{"start":{"line":97,"column":9},"end":{"line":117,"column":null}}],"line":95},"7":{"loc":{"start":{"line":102,"column":47},"end":{"line":105,"column":null}},"type":"binary-expr","locations":[{"start":{"line":102,"column":47},"end":{"line":102,"column":null}},{"start":{"line":103,"column":6},"end":{"line":103,"column":36}},{"start":{"line":104,"column":6},"end":{"line":104,"column":40}},{"start":{"line":105,"column":6},"end":{"line":105,"column":39}}],"line":102},"8":{"loc":{"start":{"line":108,"column":4},"end":{"line":117,"column":null}},"type":"if","locations":[{"start":{"line":108,"column":4},"end":{"line":117,"column":null}},{"start":{},"end":{}}],"line":108}},"s":{"0":22,"1":0,"2":0,"3":0,"4":0,"5":0,"6":0,"7":0,"8":11,"9":11,"10":11,"11":0,"12":11,"13":0,"14":0,"15":0,"16":0,"17":0,"18":0,"19":0,"20":0,"21":0,"22":0,"23":0,"24":0,"25":0,"26":0,"27":0,"28":0,"29":0,"30":0,"31":0,"32":0,"33":0,"34":0,"35":0,"36":0,"37":0,"38":0,"39":0,"40":0,"41":0,"42":0,"43":0,"44":0},"f":{"0":22,"1":0,"2":11,"3":0,"4":0,"5":0},"b":{"0":[0],"1":[0,0],"2":[11],"3":[11,0],"4":[0,11],"5":[0,0],"6":[0,0],"7":[0,0,0,0],"8":[0,0]},"meta":{"lastBranch":9,"lastFunction":6,"lastStatement":45,"seen":{"f:15:16:15:29":0,"s:18:2:18:Infinity":0,"f:24:22:24:Infinity":1,"b:26:21:26:Infinity":0,"s:28:16:28:26":1,"s:30:2:51:Infinity":2,"s:33:4:36:Infinity":3,"s:38:21:38:Infinity":4,"s:39:4:43:Infinity":5,"s:45:21:45:Infinity":6,"s:46:4:51:Infinity":7,"b:50:13:50:28:50:28:50:Infinity":1,"f:58:22:58:Infinity":2,"b:60:21:60:Infinity":2,"s:63:23:63:50":8,"b:65:2:69:Infinity:undefined:undefined:undefined:undefined":3,"s:65:2:69:Infinity":9,"b:66:4:67:Infinity:undefined:undefined:undefined:undefined":4,"s:66:4:67:Infinity":10,"s:67:6:67:Infinity":11,"s:69:4:69:Infinity":12,"s:72:2:72:Infinity":13,"s:73:2:73:Infinity":14,"s:75:35:75:37":15,"s:78:2:86:Infinity":16,"s:79:19:79:53":17,"s:80:4:80:Infinity":18,"b:82:4:86:Infinity:85:11:86:Infinity":5,"s:82:4:86:Infinity":19,"s:83:12:83:Infinity":20,"s:84:6:84:Infinity":21,"s:86:6:86:Infinity":22,"s:91:21:91:Infinity":23,"f:91:29:91:36":3,"s:91:41:91:51":24,"s:92:20:92:Infinity":25,"f:92:28:92:36":4,"s:92:47:92:65":26,"s:94:2:94:Infinity":27,"b:95:2:117:Infinity:97:9:117:Infinity":6,"s:95:2:117:Infinity":28,"s:96:4:96:Infinity":29,"s:98:19:98:Infinity":30,"s:99:4:99:Infinity":31,"s:102:27:105:Infinity":32,"f:102:35:102:42":5,"s:102:47:105:Infinity":33,"b:102:47:102:Infinity:103:6:103:36:104:6:104:40:105:6:105:39":7,"b:108:4:117:Infinity:undefined:undefined:undefined:undefined":8,"s:108:4:117:Infinity":34,"s:109:6:109:Infinity":35,"s:110:6:110:Infinity":36,"s:111:6:112:Infinity":37,"s:112:8:112:Infinity":38,"s:114:6:114:Infinity":39,"s:115:6:115:Infinity":40,"s:116:6:116:Infinity":41,"s:117:6:117:Infinity":42,"s:121:2:121:Infinity":43,"s:122:2:122:Infinity":44}}}
,"/Users/Vera/.openclaw/workspace/verdict-fork/src/core/registry.ts": {"path":"/Users/Vera/.openclaw/workspace/verdict-fork/src/core/registry.ts","statementMap":{"0":{"start":{"line":6,"column":2},"end":{"line":6,"column":null}},"1":{"start":{"line":10,"column":2},"end":{"line":10,"column":null}},"2":{"start":{"line":19,"column":23},"end":{"line":19,"column":44}},"3":{"start":{"line":20,"column":2},"end":{"line":20,"column":null}},"4":{"start":{"line":20,"column":36},"end":{"line":20,"column":null}},"5":{"start":{"line":21,"column":2},"end":{"line":24,"column":null}},"6":{"start":{"line":22,"column":4},"end":{"line":22,"column":null}},"7":{"start":{"line":24,"column":4},"end":{"line":24,"column":null}},"8":{"start":{"line":30,"column":21},"end":{"line":30,"column":36}},"9":{"start":{"line":31,"column":2},"end":{"line":31,"column":null}},"10":{"start":{"line":32,"column":2},"end":{"line":32,"column":null}},"11":{"start":{"line":37,"column":14},"end":{"line":37,"column":36}},"12":{"start":{"line":38,"column":2},"end":{"line":39,"column":null}},"13":{"start":{"line":39,"column":4},"end":{"line":39,"column":null}},"14":{"start":{"line":41,"column":19},"end":{"line":41,"column":33}},"15":{"start":{"line":42,"column":2},"end":{"line":42,"column":null}},"16":{"start":{"line":43,"column":2},"end":{"line":43,"column":null}},"17":{"start":{"line":44,"column":2},"end":{"line":44,"column":null}},"18":{"start":{"line":49,"column":19},"end":{"line":49,"column":33}},"19":{"start":{"line":50,"column":2},"end":{"line":50,"column":null}},"20":{"start":{"line":50,"column":27},"end":{"line":50,"column":null}},"21":{"start":{"line":51,"column":2},"end":{"line":51,"column":null}},"22":{"start":{"line":52,"column":2},"end":{"line":52,"column":null}},"23":{"start":{"line":53,"column":2},"end":{"line":53,"column":null}},"24":{"start":{"line":58,"column":2},"end":{"line":58,"column":null}},"25":{"start":{"line":69,"column":17},"end":{"line":69,"column":41}},"26":{"start":{"line":70,"column":2},"end":{"line":70,"column":null}},"27":{"start":{"line":70,"column":29},"end":{"line":70,"column":null}},"28":{"start":{"line":73,"column":19},"end":{"line":73,"column":33}},"29":{"start":{"line":74,"column":2},"end":{"line":76,"column":null}},"30":{"start":{"line":75,"column":27},"end":{"line":75,"column":null}},"31":{"start":{"line":76,"column":4},"end":{"line":76,"column":null}},"32":{"start":{"line":76,"column":39},"end":{"line":76,"column":null}},"33":{"start":{"line":79,"column":2},"end":{"line":79,"column":null}},"34":{"start":{"line":90,"column":23},"end":{"line":90,"column":72}},"35":{"start":{"line":91,"column":2},"end":{"line":91,"column":null}},"36":{"start":{"line":91,"column":36},"end":{"line":91,"column":null}},"37":{"start":{"line":93,"column":19},"end":{"line":93,"column":33}},"38":{"start":{"line":94,"column":14},"end":{"line":94,"column":null}},"39":{"start":{"line":96,"column":16},"end":{"line":96,"column":99}},"40":{"start":{"line":96,"column":57},"end":{"line":96,"column":98}},"41":{"start":{"line":97,"column":2},"end":{"line":101,"column":null}},"42":{"start":{"line":98,"column":17},"end":{"line":98,"column":45}},"43":{"start":{"line":99,"column":4},"end":{"line":101,"column":null}},"44":{"start":{"line":100,"column":6},"end":{"line":100,"column":null}},"45":{"start":{"line":101,"column":6},"end":{"line":101,"column":null}},"46":{"start":{"line":105,"column":2},"end":{"line":105,"column":null}},"47":{"start":{"line":105,"column":17},"end":{"line":105,"column":null}},"48":{"start":{"line":106,"column":2},"end":{"line":106,"column":null}},"49":{"start":{"line":111,"column":2},"end":{"line":111,"column":null}}},"fnMap":{"0":{"name":"getVerdictDir","decl":{"start":{"line":5,"column":9},"end":{"line":5,"column":33}},"loc":{"start":{"line":5,"column":33},"end":{"line":6,"column":null}},"line":5},"1":{"name":"getRegistryFilePath","decl":{"start":{"line":9,"column":9},"end":{"line":9,"column":39}},"loc":{"start":{"line":9,"column":39},"end":{"line":10,"column":null}},"line":9},"2":{"name":"loadRegistry","decl":{"start":{"line":18,"column":16},"end":{"line":18,"column":41}},"loc":{"start":{"line":18,"column":41},"end":{"line":24,"column":null}},"line":18},"3":{"name":"saveRegistry","decl":{"start":{"line":29,"column":16},"end":{"line":29,"column":29}},"loc":{"start":{"line":29,"column":55},"end":{"line":32,"column":null}},"line":29},"4":{"name":"registryAdd","decl":{"start":{"line":36,"column":16},"end":{"line":36,"column":28}},"loc":{"start":{"line":36,"column":68},"end":{"line":44,"column":null}},"line":36},"5":{"name":"registryRemove","decl":{"start":{"line":48,"column":16},"end":{"line":48,"column":31}},"loc":{"start":{"line":48,"column":54},"end":{"line":53,"column":null}},"line":48},"6":{"name":"registryList","decl":{"start":{"line":57,"column":16},"end":{"line":57,"column":41}},"loc":{"start":{"line":57,"column":41},"end":{"line":58,"column":null}},"line":57},"7":{"name":"registryResolve","decl":{"start":{"line":67,"column":16},"end":{"line":67,"column":32}},"loc":{"start":{"line":67,"column":67},"end":{"line":79,"column":null}},"line":67},"8":{"name":"registerBuiltinPacks","decl":{"start":{"line":86,"column":16},"end":{"line":86,"column":47}},"loc":{"start":{"line":86,"column":47},"end":{"line":106,"column":null}},"line":86},"9":{"name":"(anonymous_9)","decl":{"start":{"line":96,"column":45},"end":{"line":96,"column":52}},"loc":{"start":{"line":96,"column":57},"end":{"line":96,"column":98}},"line":96},"10":{"name":"getRegistryPath","decl":{"start":{"line":110,"column":16},"end":{"line":110,"column":42}},"loc":{"start":{"line":110,"column":42},"end":{"line":111,"column":null}},"line":110}},"branchMap":{"0":{"loc":{"start":{"line":20,"column":2},"end":{"line":20,"column":null}},"type":"if","locations":[{"start":{"line":20,"column":2},"end":{"line":20,"column":null}},{"start":{},"end":{}}],"line":20},"1":{"loc":{"start":{"line":38,"column":2},"end":{"line":39,"column":null}},"type":"if","locations":[{"start":{"line":38,"column":2},"end":{"line":39,"column":null}},{"start":{},"end":{}}],"line":38},"2":{"loc":{"start":{"line":50,"column":2},"end":{"line":50,"column":null}},"type":"if","locations":[{"start":{"line":50,"column":2},"end":{"line":50,"column":null}},{"start":{},"end":{}}],"line":50},"3":{"loc":{"start":{"line":70,"column":2},"end":{"line":70,"column":null}},"type":"if","locations":[{"start":{"line":70,"column":2},"end":{"line":70,"column":null}},{"start":{},"end":{}}],"line":70},"4":{"loc":{"start":{"line":74,"column":2},"end":{"line":76,"column":null}},"type":"if","locations":[{"start":{"line":74,"column":2},"end":{"line":76,"column":null}},{"start":{},"end":{}}],"line":74},"5":{"loc":{"start":{"line":76,"column":4},"end":{"line":76,"column":null}},"type":"if","locations":[{"start":{"line":76,"column":4},"end":{"line":76,"column":null}},{"start":{},"end":{}}],"line":76},"6":{"loc":{"start":{"line":91,"column":2},"end":{"line":91,"column":null}},"type":"if","locations":[{"start":{"line":91,"column":2},"end":{"line":91,"column":null}},{"start":{},"end":{}}],"line":91},"7":{"loc":{"start":{"line":96,"column":57},"end":{"line":96,"column":98}},"type":"binary-expr","locations":[{"start":{"line":96,"column":57},"end":{"line":96,"column":76}},{"start":{"line":96,"column":80},"end":{"line":96,"column":98}}],"line":96},"8":{"loc":{"start":{"line":99,"column":4},"end":{"line":101,"column":null}},"type":"if","locations":[{"start":{"line":99,"column":4},"end":{"line":101,"column":null}},{"start":{},"end":{}}],"line":99},"9":{"loc":{"start":{"line":105,"column":2},"end":{"line":105,"column":null}},"type":"if","locations":[{"start":{"line":105,"column":2},"end":{"line":105,"column":null}},{"start":{},"end":{}}],"line":105}},"s":{"0":48,"1":36,"2":22,"3":22,"4":12,"5":10,"6":10,"7":1,"8":12,"9":12,"10":12,"11":9,"12":9,"13":1,"14":8,"15":8,"16":8,"17":8,"18":2,"19":2,"20":1,"21":1,"22":1,"23":1,"24":2,"25":4,"26":4,"27":2,"28":2,"29":2,"30":1,"31":1,"32":1,"33":1,"34":1,"35":1,"36":0,"37":1,"38":1,"39":1,"40":45,"41":1,"42":43,"43":43,"44":43,"45":43,"46":1,"47":1,"48":1,"49":2},"f":{"0":48,"1":36,"2":22,"3":12,"4":9,"5":2,"6":2,"7":4,"8":1,"9":45,"10":2},"b":{"0":[12,10],"1":[1,8],"2":[1,1],"3":[2,2],"4":[1,1],"5":[1,0],"6":[0,1],"7":[45,2],"8":[43,0],"9":[1,0]},"meta":{"lastBranch":10,"lastFunction":11,"lastStatement":50,"seen":{"f:5:9:5:33":0,"s:6:2:6:Infinity":0,"f:9:9:9:39":1,"s:10:2:10:Infinity":1,"f:18:16:18:41":2,"s:19:23:19:44":2,"b:20:2:20:Infinity:undefined:undefined:undefined:undefined":0,"s:20:2:20:Infinity":3,"s:20:36:20:Infinity":4,"s:21:2:24:Infinity":5,"s:22:4:22:Infinity":6,"s:24:4:24:Infinity":7,"f:29:16:29:29":3,"s:30:21:30:36":8,"s:31:2:31:Infinity":9,"s:32:2:32:Infinity":10,"f:36:16:36:28":4,"s:37:14:37:36":11,"b:38:2:39:Infinity:undefined:undefined:undefined:undefined":1,"s:38:2:39:Infinity":12,"s:39:4:39:Infinity":13,"s:41:19:41:33":14,"s:42:2:42:Infinity":15,"s:43:2:43:Infinity":16,"s:44:2:44:Infinity":17,"f:48:16:48:31":5,"s:49:19:49:33":18,"b:50:2:50:Infinity:undefined:undefined:undefined:undefined":2,"s:50:2:50:Infinity":19,"s:50:27:50:Infinity":20,"s:51:2:51:Infinity":21,"s:52:2:52:Infinity":22,"s:53:2:53:Infinity":23,"f:57:16:57:41":6,"s:58:2:58:Infinity":24,"f:67:16:67:32":7,"s:69:17:69:41":25,"b:70:2:70:Infinity:undefined:undefined:undefined:undefined":3,"s:70:2:70:Infinity":26,"s:70:29:70:Infinity":27,"s:73:19:73:33":28,"b:74:2:76:Infinity:undefined:undefined:undefined:undefined":4,"s:74:2:76:Infinity":29,"s:75:27:75:Infinity":30,"b:76:4:76:Infinity:undefined:undefined:undefined:undefined":5,"s:76:4:76:Infinity":31,"s:76:39:76:Infinity":32,"s:79:2:79:Infinity":33,"f:86:16:86:47":8,"s:90:23:90:72":34,"b:91:2:91:Infinity:undefined:undefined:undefined:undefined":6,"s:91:2:91:Infinity":35,"s:91:36:91:Infinity":36,"s:93:19:93:33":37,"s:94:14:94:Infinity":38,"s:96:16:96:99":39,"f:96:45:96:52":9,"s:96:57:96:98":40,"b:96:57:96:76:96:80:96:98":7,"s:97:2:101:Infinity":41,"s:98:17:98:45":42,"b:99:4:101:Infinity:undefined:undefined:undefined:undefined":8,"s:99:4:101:Infinity":43,"s:100:6:100:Infinity":44,"s:101:6:101:Infinity":45,"b:105:2:105:Infinity:undefined:undefined:undefined:undefined":9,"s:105:2:105:Infinity":46,"s:105:17:105:Infinity":47,"s:106:2:106:Infinity":48,"f:110:16:110:42":10,"s:111:2:111:Infinity":49}}}
,"/Users/Vera/.openclaw/workspace/verdict-fork/src/core/runner.ts": {"path":"/Users/Vera/.openclaw/workspace/verdict-fork/src/core/runner.ts","statementMap":{"0":{"start":{"line":16,"column":25},"end":{"line":16,"column":null}},"1":{"start":{"line":17,"column":22},"end":{"line":17,"column":null}},"2":{"start":{"line":19,"column":62},"end":{"line":19,"column":64}},"3":{"start":{"line":22,"column":2},"end":{"line":28,"column":null}},"4":{"start":{"line":23,"column":10},"end":{"line":23,"column":104}},"5":{"start":{"line":24,"column":4},"end":{"line":26,"column":null}},"6":{"start":{"line":25,"column":20},"end":{"line":25,"column":69}},"7":{"start":{"line":26,"column":6},"end":{"line":26,"column":null}},"8":{"start":{"line":26,"column":17},"end":{"line":26,"column":null}},"9":{"start":{"line":33,"column":2},"end":{"line":37,"column":null}},"10":{"start":{"line":52,"column":2},"end":{"line":52,"column":null}},"11":{"start":{"line":52,"column":26},"end":{"line":52,"column":null}},"12":{"start":{"line":55,"column":15},"end":{"line":55,"column":null}},"13":{"start":{"line":57,"column":2},"end":{"line":62,"column":null}},"14":{"start":{"line":69,"column":18},"end":{"line":69,"column":null}},"15":{"start":{"line":70,"column":19},"end":{"line":70,"column":null}},"16":{"start":{"line":72,"column":2},"end":{"line":72,"column":null}},"17":{"start":{"line":79,"column":39},"end":{"line":79,"column":41}},"18":{"start":{"line":81,"column":2},"end":{"line":88,"column":null}},"19":{"start":{"line":82,"column":4},"end":{"line":88,"column":null}},"20":{"start":{"line":91,"column":2},"end":{"line":91,"column":null}},"21":{"start":{"line":99,"column":2},"end":{"line":101,"column":null}},"22":{"start":{"line":100,"column":24},"end":{"line":100,"column":null}},"23":{"start":{"line":101,"column":4},"end":{"line":101,"column":null}},"24":{"start":{"line":103,"column":2},"end":{"line":104,"column":null}},"25":{"start":{"line":104,"column":4},"end":{"line":104,"column":null}},"26":{"start":{"line":107,"column":2},"end":{"line":107,"column":null}},"27":{"start":{"line":111,"column":2},"end":{"line":112,"column":null}},"28":{"start":{"line":112,"column":4},"end":{"line":112,"column":null}},"29":{"start":{"line":115,"column":8},"end":{"line":116,"column":52}},"30":{"start":{"line":116,"column":4},"end":{"line":116,"column":52}},"31":{"start":{"line":116,"column":32},"end":{"line":116,"column":51}},"32":{"start":{"line":117,"column":2},"end":{"line":123,"column":null}},"33":{"start":{"line":122,"column":36},"end":{"line":122,"column":64}},"34":{"start":{"line":127,"column":14},"end":{"line":127,"column":118}},"35":{"start":{"line":127,"column":62},"end":{"line":127,"column":67}},"36":{"start":{"line":128,"column":2},"end":{"line":128,"column":null}},"37":{"start":{"line":132,"column":2},"end":{"line":132,"column":null}},"38":{"start":{"line":136,"column":17},"end":{"line":136,"column":45}},"39":{"start":{"line":137,"column":2},"end":{"line":137,"column":null}},"40":{"start":{"line":137,"column":30},"end":{"line":137,"column":null}},"41":{"start":{"line":138,"column":2},"end":{"line":143,"column":null}},"42":{"start":{"line":139,"column":15},"end":{"line":139,"column":58}},"43":{"start":{"line":140,"column":4},"end":{"line":140,"column":null}},"44":{"start":{"line":140,"column":38},"end":{"line":140,"column":null}},"45":{"start":{"line":141,"column":4},"end":{"line":141,"column":null}},"46":{"start":{"line":143,"column":4},"end":{"line":143,"column":null}},"47":{"start":{"line":148,"column":2},"end":{"line":148,"column":null}},"48":{"start":{"line":149,"column":2},"end":{"line":149,"column":null}},"49":{"start":{"line":153,"column":17},"end":{"line":153,"column":45}},"50":{"start":{"line":154,"column":2},"end":{"line":154,"column":null}},"51":{"start":{"line":154,"column":29},"end":{"line":154,"column":null}},"52":{"start":{"line":162,"column":61},"end":{"line":162,"column":63}},"53":{"start":{"line":163,"column":71},"end":{"line":163,"column":null}},"54":{"start":{"line":165,"column":2},"end":{"line":172,"column":null}},"55":{"start":{"line":166,"column":4},"end":{"line":172,"column":null}},"56":{"start":{"line":168,"column":19},"end":{"line":168,"column":83}},"57":{"start":{"line":169,"column":6},"end":{"line":169,"column":null}},"58":{"start":{"line":170,"column":6},"end":{"line":170,"column":null}},"59":{"start":{"line":172,"column":6},"end":{"line":172,"column":null}},"60":{"start":{"line":177,"column":19},"end":{"line":177,"column":null}},"61":{"start":{"line":178,"column":2},"end":{"line":180,"column":null}},"62":{"start":{"line":179,"column":17},"end":{"line":179,"column":81}},"63":{"start":{"line":180,"column":4},"end":{"line":180,"column":null}},"64":{"start":{"line":183,"column":2},"end":{"line":187,"column":null}},"65":{"start":{"line":184,"column":4},"end":{"line":187,"column":null}},"66":{"start":{"line":190,"column":2},"end":{"line":190,"column":null}},"67":{"start":{"line":202,"column":21},"end":{"line":202,"column":46}},"68":{"start":{"line":203,"column":14},"end":{"line":203,"column":null}},"69":{"start":{"line":204,"column":19},"end":{"line":205,"column":null}},"70":{"start":{"line":205,"column":4},"end":{"line":205,"column":null}},"71":{"start":{"line":205,"column":41},"end":{"line":205,"column":104}},"72":{"start":{"line":207,"column":19},"end":{"line":207,"column":47}},"73":{"start":{"line":207,"column":42},"end":{"line":207,"column":47}},"74":{"start":{"line":210,"column":2},"end":{"line":211,"column":null}},"75":{"start":{"line":211,"column":4},"end":{"line":211,"column":null}},"76":{"start":{"line":215,"column":38},"end":{"line":215,"column":null}},"77":{"start":{"line":217,"column":2},"end":{"line":227,"column":null}},"78":{"start":{"line":218,"column":4},"end":{"line":218,"column":null}},"79":{"start":{"line":219,"column":4},"end":{"line":224,"column":null}},"80":{"start":{"line":220,"column":6},"end":{"line":220,"column":null}},"81":{"start":{"line":221,"column":6},"end":{"line":221,"column":null}},"82":{"start":{"line":223,"column":6},"end":{"line":223,"column":null}},"83":{"start":{"line":224,"column":6},"end":{"line":224,"column":null}},"84":{"start":{"line":227,"column":4},"end":{"line":227,"column":null}},"85":{"start":{"line":230,"column":21},"end":{"line":230,"column":73}},"86":{"start":{"line":230,"column":45},"end":{"line":230,"column":73}},"87":{"start":{"line":231,"column":2},"end":{"line":231,"column":null}},"88":{"start":{"line":231,"column":19},"end":{"line":231,"column":null}},"89":{"start":{"line":233,"column":48},"end":{"line":233,"column":50}},"90":{"start":{"line":234,"column":2},"end":{"line":239,"column":null}},"91":{"start":{"line":235,"column":4},"end":{"line":239,"column":null}},"92":{"start":{"line":242,"column":30},"end":{"line":242,"column":78}},"93":{"start":{"line":243,"column":23},"end":{"line":243,"column":66}},"94":{"start":{"line":244,"column":26},"end":{"line":244,"column":null}},"95":{"start":{"line":246,"column":2},"end":{"line":358,"column":null}},"96":{"start":{"line":248,"column":4},"end":{"line":269,"column":null}},"97":{"start":{"line":249,"column":6},"end":{"line":249,"column":null}},"98":{"start":{"line":251,"column":23},"end":{"line":251,"column":65}},"99":{"start":{"line":251,"column":39},"end":{"line":251,"column":65}},"100":{"start":{"line":252,"column":6},"end":{"line":264,"column":null}},"101":{"start":{"line":253,"column":8},"end":{"line":264,"column":null}},"102":{"start":{"line":254,"column":10},"end":{"line":264,"column":null}},"103":{"start":{"line":255,"column":12},"end":{"line":255,"column":null}},"104":{"start":{"line":256,"column":12},"end":{"line":256,"column":null}},"105":{"start":{"line
[...]
n":83},"end":{"line":197,"column":null}},"line":176},"6":{"name":"(anonymous_6)","decl":{"start":{"line":203,"column":2},"end":{"line":203,"column":10}},"loc":{"start":{"line":203,"column":79},"end":{"line":211,"column":null}},"line":203},"7":{"name":"(anonymous_7)","decl":{"start":{"line":217,"column":2},"end":{"line":217,"column":10}},"loc":{"start":{"line":217,"column":56},"end":{"line":219,"column":null}},"line":217},"8":{"name":"(anonymous_8)","decl":{"start":{"line":225,"column":2},"end":{"line":225,"column":10}},"loc":{"start":{"line":225,"column":46},"end":{"line":230,"column":null}},"line":225},"9":{"name":"(anonymous_9)","decl":{"start":{"line":236,"column":2},"end":{"line":236,"column":10}},"loc":{"start":{"line":236,"column":35},"end":{"line":246,"column":null}},"line":236},"10":{"name":"(anonymous_10)","decl":{"start":{"line":252,"column":2},"end":{"line":252,"column":28}},"loc":{"start":{"line":252,"column":72},"end":{"line":271,"column":null}},"line":252},"11":{"name":"(anonymous_11)","decl":{"start":{"line":258,"column":16},"end":{"line":258,"column":20}},"loc":{"start":{"line":258,"column":28},"end":{"line":271,"column":7}},"line":258},"12":{"name":"(anonymous_12)","decl":{"start":{"line":277,"column":2},"end":{"line":277,"column":37}},"loc":{"start":{"line":277,"column":37},"end":{"line":287,"column":null}},"line":277},"13":{"name":"(anonymous_13)","decl":{"start":{"line":281,"column":16},"end":{"line":281,"column":20}},"loc":{"start":{"line":281,"column":28},"end":{"line":287,"column":7}},"line":281},"14":{"name":"(anonymous_14)","decl":{"start":{"line":293,"column":2},"end":{"line":293,"column":16}},"loc":{"start":{"line":293,"column":16},"end":{"line":294,"column":null}},"line":293}},"branchMap":{"0":{"loc":{"start":{"line":86,"column":4},"end":{"line":87,"column":null}},"type":"if","locations":[{"start":{"line":86,"column":4},"end":{"line":87,"column":null}},{"start":{},"end":{}}],"line":86},"1":{"loc":{"start":{"line":91,"column":4},"end":{"line":92,"column":null}},"type":"if","locations":[{"start":{"line":91,"column":4},"end":{"line":92,"column":null}},{"start":{},"end":{}}],"line":91},"2":{"loc":{"start":{"line":109,"column":6},"end":{"line":109,"column":null}},"type":"cond-expr","locations":[{"start":{"line":109,"column":27},"end":{"line":109,"column":31}},{"start":{"line":109,"column":31},"end":{"line":109,"column":null}}],"line":109},"3":{"loc":{"start":{"line":110,"column":6},"end":{"line":110,"column":null}},"type":"binary-expr","locations":[{"start":{"line":110,"column":6},"end":{"line":110,"column":20}},{"start":{"line":110,"column":20},"end":{"line":110,"column":null}}],"line":110},"4":{"loc":{"start":{"line":111,"column":6},"end":{"line":111,"column":null}},"type":"binary-expr","locations":[{"start":{"line":111,"column":6},"end":{"line":111,"column":21}},{"start":{"line":111,"column":21},"end":{"line":111,"column":null}}],"line":111},"5":{"loc":{"start":{"line":113,"column":6},"end":{"line":113,"column":null}},"type":"binary-expr","locations":[{"start":{"line":113,"column":6},"end":{"line":113,"column":26}},{"start":{"line":113,"column":26},"end":{"line":113,"column":null}}],"line":113},"6":{"loc":{"start":{"line":114,"column":6},"end":{"line":114,"column":null}},"type":"binary-expr","locations":[{"start":{"line":114,"column":6},"end":{"line":114,"column":42}},{"start":{"line":114,"column":42},"end":{"line":114,"column":null}}],"line":114},"7":{"loc":{"start":{"line":115,"column":6},"end":{"line":115,"column":null}},"type":"binary-expr","locations":[{"start":{"line":115,"column":6},"end":{"line":115,"column":34}},{"start":{"line":115,"column":34},"end":{"line":115,"column":null}}],"line":115},"8":{"loc":{"start":{"line":116,"column":6},"end":{"line":116,"column":null}},"type":"cond-expr","locations":[{"start":{"line":116,"column":37},"end":{"line":116,"column":41}},{"start":{"line":116,"column":41},"end":{"line":116,"column":null}}],"line":116},"9":{"loc":{"start":{"line":132,"column":4},"end":{"line":133,"column":null}},"type":"if","locations":[{"start":{"line":132,"column":4},"end":{"line":133,"column":null}},{"start":{},"end":{}}],"line":132},"10":{"loc":{"start":{"line":132,"column":8},"end":{"line":132,"column":63}},"type":"binary-expr","locations":[{"start":{"line":132,"column":8},"end":{"line":132,"column":36}},{"start":{"line":132,"column":36},"end":{"line":132,"column":63}}],"line":132},"11":{"loc":{"start":{"line":138,"column":27},"end":{"line":138,"column":55}},"type":"binary-expr","locations":[{"start":{"line":138,"column":27},"end":{"line":138,"column":50}},{"start":{"line":138,"column":50},"end":{"line":138,"column":55}}],"line":138},"12":{"loc":{"start":{"line":139,"column":24},"end":{"line":141,"column":null}},"type":"cond-expr","locations":[{"start":{"line":139,"column":24},"end":{"line":140,"column":null}},{"start":{"line":141,"column":8},"end":{"line":141,"column":null}}],"line":139},"13":{"loc":{"start":{"line":145,"column":24},"end":{"line":147,"column":null}},"type":"cond-expr","locations":[{"start":{"line":146,"column":8},"end":{"line":146,"column":null}},{"start":{"line":147,"column":8},"end":{"line":147,"column":null}}],"line":145},"14":{"loc":{"start":{"line":146,"column":45},"end":{"line":146,"column":66}},"type":"binary-expr","locations":[{"start":{"line":146,"column":45},"end":{"line":146,"column":62}},{"start":{"line":146,"column":62},"end":{"line":146,"column":66}}],"line":146},"15":{"loc":{"start":{"line":149,"column":26},"end":{"line":151,"column":null}},"type":"cond-expr","locations":[{"start":{"line":149,"column":26},"end":{"line":150,"column":null}},{"start":{"line":151,"column":9},"end":{"line":151,"column":null}}],"line":149},"16":{"loc":{"start":{"line":150,"column":52},"end":{"line":150,"column":73}},"type":"binary-expr","locations":[{"start":{"line":150,"column":52},"end":{"line":150,"column":67}},{"start":{"line":150,"column":67},"end":{"line":150,"column":73}}],"line":150},"17":{"loc":{"start":{"line":151,"column":9},"end":{"line":151,"column":null}},"type":"binary-expr","locations":[{"start":{"line":151,"column":9},"end":{"line":151,"column":24}},{"start":{"line":151,"column":24},"end":{"line":151,"column":null}}],"line":151},"18":{"loc":{"start":{"line":182,"column":4},"end":{"line":182,"column":null}},"type":"if","locations":[{"start":{"line":182,"column":4},"end":{"line":182,"column":null}},{"start":{},"end":{}}],"line":182}},"s":{"0":0,"1":0,"2":0,"3":0,"4":0,"5":0,"6":0,"7":0,"8":0,"9":0,"10":0,"11":0,"12":0,"13":0,"14":0,"15":0,"16":0,"17":0,"18":0,"19":0,"20":0,"21":0,"22":0,"23":0,"24":0,"25":0,"26":0,"27":0,"28":0,"29":0,"30":0,"31":0,"32":0,"33":0,"34":0,"35":0,"36":0,"37":0,"38":0,"39":0,"40":0,"41":0,"42":0,"43":0,"44":0},"f":{"0":0,"1":0,"2":0,"3":0,"4":0,"5":0,"6":0,"7":0,"8":0,"9":0,"10":0,"11":0,"12":0,"13":0,"14":0},"b":{"0":[0,0],"1":[0,0],"2":[0,0],"3":[0,0],"4":[0,0],"5":[0,0],"6":[0,0],"7":[0,0],"8":[0,0],"9":[0,0],"10":[0,0],"11":[0,0],"12":[0,0],"13":[0,0],"14":[0,0],"15":[0,0],"16":[0,0],"17":[0,0],"18":[0,0]},"meta":{"lastBranch":19,"lastFunction":15,"lastStatement":45,"seen":{"f:17:2:17:14":0,"s:17:38:17:60":0,"s:18:4:18:Infinity":1,"s:19:4:19:Infinity":2,"s:20:4:20:Infinity":3,"f:26:2:26:10":1,"s:27:4:76:Infinity":4,"f:82:2:82:11":2,"s:83:17:83:Infinity":5,"b:86:4:87:Infinity:undefined:undefined:undefined:undefined":0,"s:86:4:87:Infinity":6,"s:87:6:87:Infinity":7,"b:91:4:92:Infinity:undefined:undefined:undefined:undefined":1,"s:91:4:92:Infinity":8,"s:92:6:92:Infinity":9,"s:95:17:99:Infinity":10,"s:101:4:118:Infinity":11,"b:109:27:109:31:109:31:109:Infinity":2,"b:110:6:110:20:110:20:110:Infinity":3,"b:111:6:111:21:111:21:111:Infinity":4,"b:113:6:113:26:113:26:113:Infinity":5,"b:114:6:114:42:114:42:114:Infinity":6,"b:115:6:115:34:115:34:115:Infinity":7,"b:116:37:116:41:116:41:116:Infinity":8,"s:121:4:121:Infinity":12,"s:124:4:124:Infinity":13,"f:130:2:130:10":3,"b:132:4:133:Infinity:undefined:undefined:undefined:undefined":9,"s:132:4:133:Infinity":14,"b:132:8:132:36:132:36:132:63":10,"s:133:6:133:Infinity":15,"s:136:20:136:72":16,"s:138:10:138:Infinity":17,"b:138:27:138:50:138:50:138:55":11,"s:139:24:141:Infinity":18,"b:139:24:140:Infinity:141:8:141:Infinity":12,"s:144:23:144:78":19,"s:145:24:147:Infinity":20,"b:146:8:146:Infinity:147:8:147:Infinity":13,"f:146:19:146:27":4,"s:146:38:146:66":21,"b:146:45:146:62:146:62:146:66":14,"s:149:26:151:Infinity":22,"b:149:26:150:Infinity:151:9:151:Infinity":15,"b:150:52:150:67:150:67:150:73":16,"b:151:9:151:24:151:24:151:Infinity":17,"s:153:17:155:Infinity":23,"s:157:4:170:Infinity":24,"f:176:2:176:10":5,"s:177:17:179:Infinity":25,"s:181:16:181:41":26,"b:182:4:182:Infinity:undefined:undefined:undefined:undefined":18,"s:182:4:182:Infinity":27,"s:182:14:182:Infinity":28,"s:184:4:197:Infinity":29,"f:203:2:203:10":6,"s:204:17:209:Infinity":30,"s:211:4:211:Infinity":31,"f:217:2:217:10":7,"s:219:4:219:Infinity":32,"f:225:2:225:10":8,"s:226:4:230:Infinity":33,"f:236:2:236:10":9,"s:237:17:244:Infinity":34,"s:246:4:246:Infinity":35,"f:252:2:252:28":10,"s:253:17:255:Infinity":36,"s:257:17:257:35":37,"s:258:4:271:Infinity":38,"f:258:16:258:20":11,"s:258:28:271:7":39,"f:277:2:277:37":12,"s:278:17:278:66":40,"s:279:17:279:27":41,"s:281:4:287:Infinity":42,"f:281:16:281:20":13,"s:281:28:287:7":43,"f:293:2:293:16":14,"s:294:4:294:Infinity":44}}}
,"/Users/Vera/.openclaw/workspace/verdict-fork/src/router/types.ts": {"path":"/Users/Vera/.openclaw/workspace/verdict-fork/src/router/types.ts","statementMap":{"0":{"start":{"line":131,"column":51},"end":{"line":141,"column":null}},"1":{"start":{"line":144,"column":61},"end":{"line":152,"column":null}}},"fnMap":{},"branchMap":{},"s":{"0":1,"1":1},"f":{},"b":{},"meta":{"lastBranch":0,"lastFunction":0,"lastStatement":2,"seen":{"s:131:51:141:Infinity":0,"s:144:61:152:Infinity":1}}}
,"/Users/Vera/.openclaw/workspace/verdict-fork/src/types/index.ts": {"path":"/Users/Vera/.openclaw/workspace/verdict-fork/src/types/index.ts","statementMap":{"0":{"start":{"line":5,"column":33},"end":{"line":31,"column":2}},"1":{"start":{"line":34,"column":33},"end":{"line":43,"column":2}},"2":{"start":{"line":46,"column":28},"end":{"line":66,"column":2}},"3":{"start":{"line":71,"column":29},"end":{"line":75,"column":2}},"4":{"start":{"line":85,"column":26},"end":{"line":85,"column":154}},"5":{"start":{"line":87,"column":31},"end":{"line":91,"column":2}},"6":{"start":{"line":94,"column":30},"end":{"line":94,"column":66}},"7":{"start":{"line":96,"column":31},"end":{"line":99,"column":2}},"8":{"start":{"line":102,"column":30},"end":{"line":140,"column":2}},"9":{"start":{"line":143,"column":30},"end":{"line":153,"column":2}}},"fnMap":{},"branchMap":{},"s":{"0":3,"1":3,"2":3,"3":3,"4":3,"5":3,"6":3,"7":3,"8":3,"9":3},"f":{},"b":{},"meta":{"lastBranch":0,"lastFunction":0,"lastStatement":10,"seen":{"s:5:33:31:2":0,"s:34:33:43:2":1,"s:46:28:66:2":2,"s:71:29:75:2":3,"s:85:26:85:154":4,"s:87:31:91:2":5,"s:94:30:94:66":6,"s:96:31:99:2":7,"s:102:30:140:2":8,"s:143:30:153:2":9}}}
,"/Users/Vera/.openclaw/workspace/verdict-fork/src/utils/logger.ts": {"path":"/Users/Vera/.openclaw/workspace/verdict-fork/src/utils/logger.ts","statementMap":{"0":{"start":{"line":5,"column":29},"end":{"line":5,"column":null}},"1":{"start":{"line":7,"column":48},"end":{"line":11,"column":null}},"2":{"start":{"line":14,"column":2},"end":{"line":14,"column":null}},"3":{"start":{"line":18,"column":2},"end":{"line":18,"column":null}},"4":{"start":{"line":22,"column":2},"end":{"line":22,"column":null}},"5":{"start":{"line":22,"column":58},"end":{"line":22,"column":null}},"6":{"start":{"line":24,"column":17},"end":{"line":28,"column":null}},"7":{"start":{"line":30,"column":2},"end":{"line":30,"column":null}},"8":{"start":{"line":32,"column":2},"end":{"line":35,"column":null}},"9":{"start":{"line":33,"column":16},"end":{"line":33,"column":79}},"10":{"start":{"line":34,"column":22},"end":{"line":34,"column":null}},"11":{"start":{"line":35,"column":4},"end":{"line":35,"column":null}}},"fnMap":{"0":{"name":"setLogLevel","decl":{"start":{"line":13,"column":16},"end":{"line":13,"column":28}},"loc":{"start":{"line":13,"column":51},"end":{"line":14,"column":null}},"line":13},"1":{"name":"getLogLevel","decl":{"start":{"line":17,"column":16},"end":{"line":17,"column":40}},"loc":{"start":{"line":17,"column":40},"end":{"line":18,"column":null}},"line":17},"2":{"name":"log","decl":{"start":{"line":21,"column":16},"end":{"line":21,"column":20}},"loc":{"start":{"line":21,"column":72},"end":{"line":35,"column":null}},"line":21}},"branchMap":{"0":{"loc":{"start":{"line":22,"column":2},"end":{"line":22,"column":null}},"type":"if","locations":[{"start":{"line":22,"column":2},"end":{"line":22,"column":null}},{"start":{},"end":{}}],"line":22},"1":{"loc":{"start":{"line":24,"column":17},"end":{"line":28,"column":null}},"type":"cond-expr","locations":[{"start":{"line":25,"column":6},"end":{"line":25,"column":31}},{"start":{"line":26,"column":6},"end":{"line":28,"column":null}}],"line":24},"2":{"loc":{"start":{"line":26,"column":6},"end":{"line":28,"column":null}},"type":"cond-expr","locations":[{"start":{"line":27,"column":8},"end":{"line":27,"column":32}},{"start":{"line":28,"column":8},"end":{"line":28,"column":null}}],"line":26},"3":{"loc":{"start":{"line":32,"column":2},"end":{"line":35,"column":null}},"type":"if","locations":[{"start":{"line":32,"column":2},"end":{"line":35,"column":null}},{"start":{},"end":{}}],"line":32},"4":{"loc":{"start":{"line":32,"column":6},"end":{"line":32,"column":54}},"type":"binary-expr","locations":[{"start":{"line":32,"column":6},"end":{"line":32,"column":28}},{"start":{"line":32,"column":28},"end":{"line":32,"column":54}}],"line":32},"5":{"loc":{"start":{"line":33,"column":16},"end":{"line":33,"column":79}},"type":"cond-expr","locations":[{"start":{"line":33,"column":43},"end":{"line":33,"column":50}},{"start":{"line":33,"column":50},"end":{"line":33,"column":79}}],"line":33},"6":{"loc":{"start":{"line":34,"column":22},"end":{"line":34,"column":null}},"type":"cond-expr","locations":[{"start":{"line":34,"column":41},"end":{"line":34,"column":89}},{"start":{"line":34,"column":92},"end":{"line":34,"column":null}}],"line":34}},"s":{"0":3,"1":3,"2":0,"3":0,"4":0,"5":0,"6":0,"7":0,"8":0,"9":0,"10":0,"11":0},"f":{"0":0,"1":0,"2":0},"b":{"0":[0,0],"1":[0,0],"2":[0,0],"3":[0,0],"4":[0,0],"5":[0,0],"6":[0,0]},"meta":{"lastBranch":7,"lastFunction":3,"lastStatement":12,"seen":{"s:5:29:5:Infinity":0,"s:7:48:11:Infinity":1,"f:13:16:13:28":0,"s:14:2:14:Infinity":2,"f:17:16:17:40":1,"s:18:2:18:Infinity":3,"f:21:16:21:20":2,"b:22:2:22:Infinity:undefined:undefined:undefined:undefined":0,"s:22:2:22:Infinity":4,"s:22:58:22:Infinity":5,"s:24:17:28:Infinity":6,"b:25:6:25:31:26:6:28:Infinity":1,"b:27:8:27:32:28:8:28:Infinity":2,"s:30:2:30:Infinity":7,"b:32:2:35:Infinity:undefined:undefined:undefined:undefined":3,"s:32:2:35:Infinity":8,"b:32:6:32:28:32:28:32:54":4,"s:33:16:33:79":9,"b:33:43:33:50:33:50:33:79":5,"s:34:22:34:Infinity":10,"b:34:41:34:89:34:92:34:Infinity":6,"s:35:4:35:Infinity":11}}}
,"/Users/Vera/.openclaw/workspace/verdict-fork/src/utils/model-config.ts": {"path":"/Users/Vera/.openclaw/workspace/verdict-fork/src/utils/model-config.ts","statementMap":{"0":{"start":{"line":5,"column":30},"end":{"line":13,"column":null}},"1":{"start":{"line":15,"column":2},"end":{"line":37,"column":null}},"2":{"start":{"line":17,"column":19},"end":{"line":17,"column":null}},"3":{"start":{"line":18,"column":6},"end":{"line":18,"column":null}},"4":{"start":{"line":19,"column":6},"end":{"line":19,"column":null}},"5":{"start":{"line":22,"column":19},"end":{"line":22,"column":null}},"6":{"start":{"line":23,"column":6},"end":{"line":23,"column":null}},"7":{"start":{"line":24,"column":6},"end":{"line":24,"column":null}},"8":{"start":{"line":27,"column":6},"end":{"line":27,"column":null}},"9":{"start":{"line":28,"column":6},"end":{"line":28,"column":null}},"10":{"start":{"line":29,"column":6},"end":{"line":29,"column":null}},"11":{"start":{"line":31,"column":6},"end":{"line":31,"column":null}},"12":{"start":{"line":32,"column":6},"end":{"line":32,"column":null}},"13":{"start":{"line":33,"column":6},"end":{"line":33,"column":null}},"14":{"start":{"line":35,"column":19},"end":{"line":35,"column":null}},"15":{"start":{"line":36,"column":6},"end":{"line":36,"column":null}},"16":{"start":{"line":37,"column":6},"end":{"line":37,"column":null}},"17":{"start":{"line":41,"column":2},"end":{"line":41,"column":null}}},"fnMap":{"0":{"name":"buildModelConfig","decl":{"start":{"line":4,"column":16},"end":{"line":4,"column":33}},"loc":{"start":{"line":4,"column":81},"end":{"line":41,"column":null}},"line":4}},"branchMap":{"0":{"loc":{"start":{"line":15,"column":2},"end":{"line":37,"column":null}},"type":"switch","locations":[{"start":{"line":16,"column":4},"end":{"line":19,"column":null}},{"start":{"line":21,"column":4},"end":{"line":24,"column":null}},{"start":{"line":26,"column":4},"end":{"line":29,"column":null}},{"start":{"line":30,"column":4},"end":{"line":33,"column":null}},{"start":{"line":34,"column":4},"end":{"line":37,"column":null}}],"line":15},"1":{"loc":{"start":{"line":17,"column":19},"end":{"line":17,"column":null}},"type":"binary-expr","locations":[{"start":{"line":17,"column":19},"end":{"line":17,"column":49}},{"start":{"line":17,"column":49},"end":{"line":17,"column":null}}],"line":17},"2":{"loc":{"start":{"line":18,"column":24},"end":{"line":18,"column":null}},"type":"cond-expr","locations":[{"start":{"line":18,"column":47},"end":{"line":18,"column":54}},{"start":{"line":18,"column":54},"end":{"line":18,"column":null}}],"line":18},"3":{"loc":{"start":{"line":22,"column":19},"end":{"line":22,"column":null}},"type":"binary-expr","locations":[{"start":{"line":22,"column":19},"end":{"line":22,"column":46}},{"start":{"line":22,"column":46},"end":{"line":22,"column":null}}],"line":22},"4":{"loc":{"start":{"line":28,"column":23},"end":{"line":28,"column":null}},"type":"binary-expr","locations":[{"start":{"line":28,"column":23},"end":{"line":28,"column":60}},{"start":{"line":28,"column":60},"end":{"line":28,"column":null}}],"line":28},"5":{"loc":{"start":{"line":32,"column":23},"end":{"line":32,"column":null}},"type":"binary-expr","locations":[{"start":{"line":32,"column":23},"end":{"line":32,"column":56}},{"start":{"line":32,"column":56},"end":{"line":32,"column":null}}],"line":32},"6":{"loc":{"start":{"line":35,"column":19},"end":{"line":35,"column":null}},"type":"binary-expr","locations":[{"start":{"line":35,"column":19},"end":{"line":35,"column":49}},{"start":{"line":35,"column":49},"end":{"line":35,"column":null}}],"line":35},"7":{"loc":{"start":{"line":36,"column":24},"end":{"line":36,"column":null}},"type":"cond-expr","locations":[{"start":{"line":36,"column":47},"end":{"line":36,"column":54}},{"start":{"line":36,"column":54},"end":{"line":36,"column":null}}],"line":36}},"s":{"0":0,"1":0,"2":0,"3":0,"4":0,"5":0,"6":0,"7":0,"8":0,"9":0,"10":0,"11":0,"12":0,"13":0,"14":0,"15":0,"16":0,"17":0},"f":{"0":0},"b":{"0":[0,0,0,0,0],"1":[0,0],"2":[0,0],"3":[0,0],"4":[0,0],"5":[0,0],"6":[0,0],"7":[0,0]},"meta":{"lastBranch":8,"lastFunction":1,"lastStatement":18,"seen":{"f:4:16:4:33":0,"s:5:30:13:Infinity":0,"b:16:4:19:Infinity:21:4:24:Infinity:26:4:29:Infinity:30:4:33:Infinity:34:4:37:Infinity":0,"s:15:2:37:Infinity":1,"s:17:19:17:Infinity":2,"b:17:19:17:49:17:49:17:Infinity":1,"s:18:6:18:Infinity":3,"b:18:47:18:54:18:54:18:Infinity":2,"s:19:6:19:Infinity":4,"s:22:19:22:Infinity":5,"b:22:19:22:46:22:46:22:Infinity":3,"s:23:6:23:Infinity":6,"s:24:6:24:Infinity":7,"s:27:6:27:Infinity":8,"s:28:6:28:Infinity":9,"b:28:23:28:60:28:60:28:Infinity":4,"s:29:6:29:Infinity":10,"s:31:6:31:Infinity":11,"s:32:6:32:Infinity":12,"b:32:23:32:56:32:56:32:Infinity":5,"s:33:6:33:Infinity":13,"s:35:19:35:Infinity":14,"b:35:19:35:49:35:49:35:Infinity":6,"s:36:6:36:Infinity":15,"b:36:47:36:54:36:54:36:Infinity":7,"s:37:6:37:Infinity":16,"s:41:2:41:Infinity":17}}}
}
